info: ::1 - - [28/Mar/2022:04:08:00 +0000] "OPTIONS /users/login HTTP/1.1" 200 4 "http://localhost:3000/" "Mozilla/5.0 (Windows NT 10.0; Win64; x64) AppleWebKit/537.36 (KHTML, like Gecko) Chrome/99.0.4844.82 Safari/537.36"

info: ::1 - - [28/Mar/2022:04:08:00 +0000] "POST /users/login HTTP/1.1" 200 388 "http://localhost:3000/" "Mozilla/5.0 (Windows NT 10.0; Win64; x64) AppleWebKit/537.36 (KHTML, like Gecko) Chrome/99.0.4844.82 Safari/537.36"

info: ::1 - - [28/Mar/2022:04:08:02 +0000] "OPTIONS /admin/getEmployee HTTP/1.1" 200 4 "http://localhost:3000/" "Mozilla/5.0 (Windows NT 10.0; Win64; x64) AppleWebKit/537.36 (KHTML, like Gecko) Chrome/99.0.4844.82 Safari/537.36"

info: ::1 - - [28/Mar/2022:04:08:02 +0000] "POST /admin/getEmployee HTTP/1.1" 200 409 "http://localhost:3000/" "Mozilla/5.0 (Windows NT 10.0; Win64; x64) AppleWebKit/537.36 (KHTML, like Gecko) Chrome/99.0.4844.82 Safari/537.36"

info: ::1 - - [28/Mar/2022:04:19:38 +0000] "OPTIONS /admin/getEmployee HTTP/1.1" 200 4 "http://localhost:3000/" "Mozilla/5.0 (Windows NT 10.0; Win64; x64) AppleWebKit/537.36 (KHTML, like Gecko) Chrome/99.0.4844.82 Safari/537.36"

info: ::1 - - [28/Mar/2022:04:19:38 +0000] "POST /admin/getEmployee HTTP/1.1" 200 409 "http://localhost:3000/" "Mozilla/5.0 (Windows NT 10.0; Win64; x64) AppleWebKit/537.36 (KHTML, like Gecko) Chrome/99.0.4844.82 Safari/537.36"

info: ::1 - - [28/Mar/2022:04:20:40 +0000] "OPTIONS /admin/getEmployee HTTP/1.1" 200 4 "http://localhost:3000/" "Mozilla/5.0 (Windows NT 10.0; Win64; x64) AppleWebKit/537.36 (KHTML, like Gecko) Chrome/99.0.4844.82 Safari/537.36"

info: ::1 - - [28/Mar/2022:04:20:40 +0000] "POST /admin/getEmployee HTTP/1.1" 200 409 "http://localhost:3000/" "Mozilla/5.0 (Windows NT 10.0; Win64; x64) AppleWebKit/537.36 (KHTML, like Gecko) Chrome/99.0.4844.82 Safari/537.36"

info: ::1 - - [28/Mar/2022:04:21:07 +0000] "OPTIONS /admin/getEmployee HTTP/1.1" 200 4 "http://localhost:3000/" "Mozilla/5.0 (Windows NT 10.0; Win64; x64) AppleWebKit/537.36 (KHTML, like Gecko) Chrome/99.0.4844.82 Safari/537.36"

info: ::1 - - [28/Mar/2022:04:21:07 +0000] "POST /admin/getEmployee HTTP/1.1" 200 409 "http://localhost:3000/" "Mozilla/5.0 (Windows NT 10.0; Win64; x64) AppleWebKit/537.36 (KHTML, like Gecko) Chrome/99.0.4844.82 Safari/537.36"

info: ::1 - - [28/Mar/2022:04:22:07 +0000] "OPTIONS /admin/getEmployee HTTP/1.1" 200 4 "http://localhost:3000/" "Mozilla/5.0 (Windows NT 10.0; Win64; x64) AppleWebKit/537.36 (KHTML, like Gecko) Chrome/99.0.4844.82 Safari/537.36"

info: ::1 - - [28/Mar/2022:04:22:07 +0000] "POST /admin/getEmployee HTTP/1.1" 200 409 "http://localhost:3000/" "Mozilla/5.0 (Windows NT 10.0; Win64; x64) AppleWebKit/537.36 (KHTML, like Gecko) Chrome/99.0.4844.82 Safari/537.36"

info: ::1 - - [28/Mar/2022:04:22:26 +0000] "OPTIONS /admin/getEmployee HTTP/1.1" 200 4 "http://localhost:3000/" "Mozilla/5.0 (Windows NT 10.0; Win64; x64) AppleWebKit/537.36 (KHTML, like Gecko) Chrome/99.0.4844.82 Safari/537.36"

info: ::1 - - [28/Mar/2022:04:22:26 +0000] "POST /admin/getEmployee HTTP/1.1" 200 409 "http://localhost:3000/" "Mozilla/5.0 (Windows NT 10.0; Win64; x64) AppleWebKit/537.36 (KHTML, like Gecko) Chrome/99.0.4844.82 Safari/537.36"

info: ::1 - - [28/Mar/2022:04:23:54 +0000] "OPTIONS /admin/getEmployee HTTP/1.1" 200 4 "http://localhost:3000/" "Mozilla/5.0 (Windows NT 10.0; Win64; x64) AppleWebKit/537.36 (KHTML, like Gecko) Chrome/99.0.4844.82 Safari/537.36"

info: ::1 - - [28/Mar/2022:04:23:54 +0000] "POST /admin/getEmployee HTTP/1.1" 200 409 "http://localhost:3000/" "Mozilla/5.0 (Windows NT 10.0; Win64; x64) AppleWebKit/537.36 (KHTML, like Gecko) Chrome/99.0.4844.82 Safari/537.36"

info: ::1 - - [28/Mar/2022:04:27:55 +0000] "OPTIONS /admin/getEmployee HTTP/1.1" 200 4 "http://localhost:3000/" "Mozilla/5.0 (Windows NT 10.0; Win64; x64) AppleWebKit/537.36 (KHTML, like Gecko) Chrome/99.0.4844.82 Safari/537.36"

info: ::1 - - [28/Mar/2022:04:27:55 +0000] "POST /admin/getEmployee HTTP/1.1" 200 409 "http://localhost:3000/" "Mozilla/5.0 (Windows NT 10.0; Win64; x64) AppleWebKit/537.36 (KHTML, like Gecko) Chrome/99.0.4844.82 Safari/537.36"

info: ::1 - - [28/Mar/2022:04:28:25 +0000] "OPTIONS /admin/getEmployee HTTP/1.1" 200 4 "http://localhost:3000/" "Mozilla/5.0 (Windows NT 10.0; Win64; x64) AppleWebKit/537.36 (KHTML, like Gecko) Chrome/99.0.4844.82 Safari/537.36"

info: ::1 - - [28/Mar/2022:04:28:25 +0000] "POST /admin/getEmployee HTTP/1.1" 200 409 "http://localhost:3000/" "Mozilla/5.0 (Windows NT 10.0; Win64; x64) AppleWebKit/537.36 (KHTML, like Gecko) Chrome/99.0.4844.82 Safari/537.36"

info: ::1 - - [28/Mar/2022:04:28:29 +0000] "POST /admin/getEmployee HTTP/1.1" 200 409 "http://localhost:3000/" "Mozilla/5.0 (Windows NT 10.0; Win64; x64) AppleWebKit/537.36 (KHTML, like Gecko) Chrome/99.0.4844.82 Safari/537.36"

info: ::1 - - [28/Mar/2022:04:33:36 +0000] "OPTIONS /admin/getEmployee HTTP/1.1" 200 4 "http://localhost:3000/" "Mozilla/5.0 (Windows NT 10.0; Win64; x64) AppleWebKit/537.36 (KHTML, like Gecko) Chrome/99.0.4844.82 Safari/537.36"

info: ::1 - - [28/Mar/2022:04:33:36 +0000] "POST /admin/getEmployee HTTP/1.1" 200 409 "http://localhost:3000/" "Mozilla/5.0 (Windows NT 10.0; Win64; x64) AppleWebKit/537.36 (KHTML, like Gecko) Chrome/99.0.4844.82 Safari/537.36"

info: ::1 - - [28/Mar/2022:04:33:52 +0000] "OPTIONS /admin/getEmployee HTTP/1.1" 200 4 "http://localhost:3000/" "Mozilla/5.0 (Windows NT 10.0; Win64; x64) AppleWebKit/537.36 (KHTML, like Gecko) Chrome/99.0.4844.82 Safari/537.36"

info: ::1 - - [28/Mar/2022:04:33:52 +0000] "POST /admin/getEmployee HTTP/1.1" 200 409 "http://localhost:3000/" "Mozilla/5.0 (Windows NT 10.0; Win64; x64) AppleWebKit/537.36 (KHTML, like Gecko) Chrome/99.0.4844.82 Safari/537.36"

info: ::1 - - [28/Mar/2022:04:38:20 +0000] "OPTIONS /admin/getEmployee HTTP/1.1" 200 4 "http://localhost:3000/" "Mozilla/5.0 (Windows NT 10.0; Win64; x64) AppleWebKit/537.36 (KHTML, like Gecko) Chrome/99.0.4844.82 Safari/537.36"

info: ::1 - - [28/Mar/2022:04:38:20 +0000] "POST /admin/getEmployee HTTP/1.1" 200 409 "http://localhost:3000/" "Mozilla/5.0 (Windows NT 10.0; Win64; x64) AppleWebKit/537.36 (KHTML, like Gecko) Chrome/99.0.4844.82 Safari/537.36"

info: ::1 - - [28/Mar/2022:04:50:48 +0000] "OPTIONS /admin/getEmployee HTTP/1.1" 200 4 "http://localhost:3000/" "Mozilla/5.0 (Windows NT 10.0; Win64; x64) AppleWebKit/537.36 (KHTML, like Gecko) Chrome/99.0.4844.82 Safari/537.36"

info: ::1 - - [28/Mar/2022:04:50:48 +0000] "POST /admin/getEmployee HTTP/1.1" 200 409 "http://localhost:3000/" "Mozilla/5.0 (Windows NT 10.0; Win64; x64) AppleWebKit/537.36 (KHTML, like Gecko) Chrome/99.0.4844.82 Safari/537.36"

info: ::1 - - [28/Mar/2022:04:58:51 +0000] "OPTIONS /admin/getEmployee HTTP/1.1" 200 4 "http://localhost:3000/" "Mozilla/5.0 (Windows NT 10.0; Win64; x64) AppleWebKit/537.36 (KHTML, like Gecko) Chrome/99.0.4844.82 Safari/537.36"

info: ::1 - - [28/Mar/2022:04:58:51 +0000] "POST /admin/getEmployee HTTP/1.1" 200 409 "http://localhost:3000/" "Mozilla/5.0 (Windows NT 10.0; Win64; x64) AppleWebKit/537.36 (KHTML, like Gecko) Chrome/99.0.4844.82 Safari/537.36"

info: ::1 - - [28/Mar/2022:05:00:43 +0000] "OPTIONS /admin/getEmployee HTTP/1.1" 200 4 "http://localhost:3000/" "Mozilla/5.0 (Windows NT 10.0; Win64; x64) AppleWebKit/537.36 (KHTML, like Gecko) Chrome/99.0.4844.82 Safari/537.36"

info: ::1 - - [28/Mar/2022:05:00:43 +0000] "POST /admin/getEmployee HTTP/1.1" 200 409 "http://localhost:3000/" "Mozilla/5.0 (Windows NT 10.0; Win64; x64) AppleWebKit/537.36 (KHTML, like Gecko) Chrome/99.0.4844.82 Safari/537.36"

info: ::1 - - [28/Mar/2022:05:00:59 +0000] "OPTIONS /admin/getEmployee HTTP/1.1" 200 4 "http://localhost:3000/" "Mozilla/5.0 (Windows NT 10.0; Win64; x64) AppleWebKit/537.36 (KHTML, like Gecko) Chrome/99.0.4844.82 Safari/537.36"

info: ::1 - - [28/Mar/2022:05:00:59 +0000] "POST /admin/getEmployee HTTP/1.1" 200 409 "http://localhost:3000/" "Mozilla/5.0 (Windows NT 10.0; Win64; x64) AppleWebKit/537.36 (KHTML, like Gecko) Chrome/99.0.4844.82 Safari/537.36"

info: ::1 - - [28/Mar/2022:05:01:18 +0000] "OPTIONS /admin/getEmployee HTTP/1.1" 200 4 "http://localhost:3000/" "Mozilla/5.0 (Windows NT 10.0; Win64; x64) AppleWebKit/537.36 (KHTML, like Gecko) Chrome/99.0.4844.82 Safari/537.36"

info: ::1 - - [28/Mar/2022:05:01:18 +0000] "POST /admin/getEmployee HTTP/1.1" 200 409 "http://localhost:3000/" "Mozilla/5.0 (Windows NT 10.0; Win64; x64) AppleWebKit/537.36 (KHTML, like Gecko) Chrome/99.0.4844.82 Safari/537.36"

info: ::1 - - [28/Mar/2022:05:02:14 +0000] "OPTIONS /admin/getEmployee HTTP/1.1" 200 4 "http://localhost:3000/" "Mozilla/5.0 (Windows NT 10.0; Win64; x64) AppleWebKit/537.36 (KHTML, like Gecko) Chrome/99.0.4844.82 Safari/537.36"

info: ::1 - - [28/Mar/2022:05:02:14 +0000] "POST /admin/getEmployee HTTP/1.1" 200 409 "http://localhost:3000/" "Mozilla/5.0 (Windows NT 10.0; Win64; x64) AppleWebKit/537.36 (KHTML, like Gecko) Chrome/99.0.4844.82 Safari/537.36"

info: ::1 - - [28/Mar/2022:05:07:29 +0000] "OPTIONS /admin/getEmployee HTTP/1.1" 200 4 "http://localhost:3000/" "Mozilla/5.0 (Windows NT 10.0; Win64; x64) AppleWebKit/537.36 (KHTML, like Gecko) Chrome/99.0.4844.82 Safari/537.36"

info: ::1 - - [28/Mar/2022:05:07:29 +0000] "POST /admin/getEmployee HTTP/1.1" 200 409 "http://localhost:3000/" "Mozilla/5.0 (Windows NT 10.0; Win64; x64) AppleWebKit/537.36 (KHTML, like Gecko) Chrome/99.0.4844.82 Safari/537.36"

info: ::1 - - [28/Mar/2022:05:07:30 +0000] "OPTIONS /users/logout HTTP/1.1" 200 4 "http://localhost:3000/" "Mozilla/5.0 (Windows NT 10.0; Win64; x64) AppleWebKit/537.36 (KHTML, like Gecko) Chrome/99.0.4844.82 Safari/537.36"

info: ::1 - - [28/Mar/2022:05:07:30 +0000] "POST /users/logout HTTP/1.1" 403 74 "http://localhost:3000/" "Mozilla/5.0 (Windows NT 10.0; Win64; x64) AppleWebKit/537.36 (KHTML, like Gecko) Chrome/99.0.4844.82 Safari/537.36"

info: ::1 - - [28/Mar/2022:05:07:31 +0000] "POST /users/logout HTTP/1.1" 403 74 "http://localhost:3000/" "Mozilla/5.0 (Windows NT 10.0; Win64; x64) AppleWebKit/537.36 (KHTML, like Gecko) Chrome/99.0.4844.82 Safari/537.36"

info: ::1 - - [28/Mar/2022:05:07:36 +0000] "OPTIONS /users/logout HTTP/1.1" 200 4 "http://localhost:3000/" "Mozilla/5.0 (Windows NT 10.0; Win64; x64) AppleWebKit/537.36 (KHTML, like Gecko) Chrome/99.0.4844.82 Safari/537.36"

info: ::1 - - [28/Mar/2022:05:07:36 +0000] "POST /users/logout HTTP/1.1" 403 74 "http://localhost:3000/" "Mozilla/5.0 (Windows NT 10.0; Win64; x64) AppleWebKit/537.36 (KHTML, like Gecko) Chrome/99.0.4844.82 Safari/537.36"

info: ::1 - - [28/Mar/2022:05:07:48 +0000] "OPTIONS /users/logout HTTP/1.1" 200 4 "http://localhost:3000/" "Mozilla/5.0 (Windows NT 10.0; Win64; x64) AppleWebKit/537.36 (KHTML, like Gecko) Chrome/99.0.4844.82 Safari/537.36"

info: ::1 - - [28/Mar/2022:05:07:48 +0000] "POST /users/logout HTTP/1.1" 403 74 "http://localhost:3000/" "Mozilla/5.0 (Windows NT 10.0; Win64; x64) AppleWebKit/537.36 (KHTML, like Gecko) Chrome/99.0.4844.82 Safari/537.36"

info: ::1 - - [28/Mar/2022:05:08:41 +0000] "OPTIONS /users/logout HTTP/1.1" 200 4 "http://localhost:3000/" "Mozilla/5.0 (Windows NT 10.0; Win64; x64) AppleWebKit/537.36 (KHTML, like Gecko) Chrome/99.0.4844.82 Safari/537.36"

info: ::1 - - [28/Mar/2022:05:08:41 +0000] "POST /users/logout HTTP/1.1" 403 74 "http://localhost:3000/" "Mozilla/5.0 (Windows NT 10.0; Win64; x64) AppleWebKit/537.36 (KHTML, like Gecko) Chrome/99.0.4844.82 Safari/537.36"

info: ::ffff:127.0.0.1 - - [28/Mar/2022:05:09:18 +0000] "POST /users/logout HTTP/1.1" 403 74 "-" "Thunder Client (https://www.thunderclient.com)"

info: ::1 - - [28/Mar/2022:05:10:21 +0000] "OPTIONS /users/logout HTTP/1.1" 200 4 "http://localhost:3000/" "Mozilla/5.0 (Windows NT 10.0; Win64; x64) AppleWebKit/537.36 (KHTML, like Gecko) Chrome/99.0.4844.82 Safari/537.36"

info: ::1 - - [28/Mar/2022:05:10:21 +0000] "POST /users/logout HTTP/1.1" 200 48 "http://localhost:3000/" "Mozilla/5.0 (Windows NT 10.0; Win64; x64) AppleWebKit/537.36 (KHTML, like Gecko) Chrome/99.0.4844.82 Safari/537.36"

info: ::1 - - [28/Mar/2022:05:10:34 +0000] "OPTIONS /users/login HTTP/1.1" 200 4 "http://localhost:3000/" "Mozilla/5.0 (Windows NT 10.0; Win64; x64) AppleWebKit/537.36 (KHTML, like Gecko) Chrome/99.0.4844.82 Safari/537.36"

info: ::1 - - [28/Mar/2022:05:10:35 +0000] "POST /users/login HTTP/1.1" 200 388 "http://localhost:3000/" "Mozilla/5.0 (Windows NT 10.0; Win64; x64) AppleWebKit/537.36 (KHTML, like Gecko) Chrome/99.0.4844.82 Safari/537.36"

info: ::1 - - [28/Mar/2022:05:10:36 +0000] "OPTIONS /admin/getEmployee HTTP/1.1" 200 4 "http://localhost:3000/" "Mozilla/5.0 (Windows NT 10.0; Win64; x64) AppleWebKit/537.36 (KHTML, like Gecko) Chrome/99.0.4844.82 Safari/537.36"

info: ::1 - - [28/Mar/2022:05:10:36 +0000] "POST /admin/getEmployee HTTP/1.1" 200 409 "http://localhost:3000/" "Mozilla/5.0 (Windows NT 10.0; Win64; x64) AppleWebKit/537.36 (KHTML, like Gecko) Chrome/99.0.4844.82 Safari/537.36"

info: ::1 - - [28/Mar/2022:05:23:07 +0000] "OPTIONS /users/logout HTTP/1.1" 200 4 "http://localhost:3000/" "Mozilla/5.0 (Windows NT 10.0; Win64; x64) AppleWebKit/537.36 (KHTML, like Gecko) Chrome/99.0.4844.82 Safari/537.36"

info: ::1 - - [28/Mar/2022:05:23:07 +0000] "POST /users/logout HTTP/1.1" 200 48 "http://localhost:3000/" "Mozilla/5.0 (Windows NT 10.0; Win64; x64) AppleWebKit/537.36 (KHTML, like Gecko) Chrome/99.0.4844.82 Safari/537.36"

info: ::1 - - [28/Mar/2022:05:27:35 +0000] "OPTIONS /users/login HTTP/1.1" 200 4 "http://localhost:3000/" "Mozilla/5.0 (Windows NT 10.0; Win64; x64) AppleWebKit/537.36 (KHTML, like Gecko) Chrome/99.0.4844.82 Safari/537.36"

info: ::1 - - [28/Mar/2022:05:27:35 +0000] "POST /users/login HTTP/1.1" 403 74 "http://localhost:3000/" "Mozilla/5.0 (Windows NT 10.0; Win64; x64) AppleWebKit/537.36 (KHTML, like Gecko) Chrome/99.0.4844.82 Safari/537.36"

info: ::1 - - [28/Mar/2022:05:27:42 +0000] "OPTIONS /users/login HTTP/1.1" 200 4 "http://localhost:3000/" "Mozilla/5.0 (Windows NT 10.0; Win64; x64) AppleWebKit/537.36 (KHTML, like Gecko) Chrome/99.0.4844.82 Safari/537.36"

info: ::1 - - [28/Mar/2022:05:27:42 +0000] "POST /users/login HTTP/1.1" 403 74 "http://localhost:3000/" "Mozilla/5.0 (Windows NT 10.0; Win64; x64) AppleWebKit/537.36 (KHTML, like Gecko) Chrome/99.0.4844.82 Safari/537.36"

info: ::1 - - [28/Mar/2022:05:27:45 +0000] "POST /users/login HTTP/1.1" 403 74 "http://localhost:3000/" "Mozilla/5.0 (Windows NT 10.0; Win64; x64) AppleWebKit/537.36 (KHTML, like Gecko) Chrome/99.0.4844.82 Safari/537.36"

info: ::1 - - [28/Mar/2022:05:27:47 +0000] "POST /users/login HTTP/1.1" 403 74 "http://localhost:3000/" "Mozilla/5.0 (Windows NT 10.0; Win64; x64) AppleWebKit/537.36 (KHTML, like Gecko) Chrome/99.0.4844.82 Safari/537.36"

info: ::1 - - [28/Mar/2022:05:27:59 +0000] "OPTIONS /users/login HTTP/1.1" 200 4 "http://localhost:3000/" "Mozilla/5.0 (Windows NT 10.0; Win64; x64) AppleWebKit/537.36 (KHTML, like Gecko) Chrome/99.0.4844.82 Safari/537.36"

info: ::1 - - [28/Mar/2022:05:27:59 +0000] "POST /users/login HTTP/1.1" 200 388 "http://localhost:3000/" "Mozilla/5.0 (Windows NT 10.0; Win64; x64) AppleWebKit/537.36 (KHTML, like Gecko) Chrome/99.0.4844.82 Safari/537.36"

info: ::1 - - [28/Mar/2022:05:28:03 +0000] "OPTIONS /admin/getEmployee HTTP/1.1" 200 4 "http://localhost:3000/" "Mozilla/5.0 (Windows NT 10.0; Win64; x64) AppleWebKit/537.36 (KHTML, like Gecko) Chrome/99.0.4844.82 Safari/537.36"

info: ::1 - - [28/Mar/2022:05:28:04 +0000] "POST /admin/getEmployee HTTP/1.1" 200 409 "http://localhost:3000/" "Mozilla/5.0 (Windows NT 10.0; Win64; x64) AppleWebKit/537.36 (KHTML, like Gecko) Chrome/99.0.4844.82 Safari/537.36"

info: ::1 - - [28/Mar/2022:05:28:06 +0000] "OPTIONS /users/logout HTTP/1.1" 200 4 "http://localhost:3000/" "Mozilla/5.0 (Windows NT 10.0; Win64; x64) AppleWebKit/537.36 (KHTML, like Gecko) Chrome/99.0.4844.82 Safari/537.36"

info: ::1 - - [28/Mar/2022:05:28:06 +0000] "POST /users/logout HTTP/1.1" 200 48 "http://localhost:3000/" "Mozilla/5.0 (Windows NT 10.0; Win64; x64) AppleWebKit/537.36 (KHTML, like Gecko) Chrome/99.0.4844.82 Safari/537.36"

info: ::1 - - [28/Mar/2022:05:28:07 +0000] "POST /users/logout HTTP/1.1" 200 48 "http://localhost:3000/" "Mozilla/5.0 (Windows NT 10.0; Win64; x64) AppleWebKit/537.36 (KHTML, like Gecko) Chrome/99.0.4844.82 Safari/537.36"

info: ::1 - - [28/Mar/2022:05:28:07 +0000] "POST /users/logout HTTP/1.1" 200 48 "http://localhost:3000/" "Mozilla/5.0 (Windows NT 10.0; Win64; x64) AppleWebKit/537.36 (KHTML, like Gecko) Chrome/99.0.4844.82 Safari/537.36"

info: ::1 - - [28/Mar/2022:05:28:07 +0000] "POST /users/logout HTTP/1.1" 200 48 "http://localhost:3000/" "Mozilla/5.0 (Windows NT 10.0; Win64; x64) AppleWebKit/537.36 (KHTML, like Gecko) Chrome/99.0.4844.82 Safari/537.36"

info: ::1 - - [28/Mar/2022:05:28:07 +0000] "POST /users/logout HTTP/1.1" 200 48 "http://localhost:3000/" "Mozilla/5.0 (Windows NT 10.0; Win64; x64) AppleWebKit/537.36 (KHTML, like Gecko) Chrome/99.0.4844.82 Safari/537.36"

info: ::1 - - [28/Mar/2022:05:30:06 +0000] "OPTIONS /users/logout HTTP/1.1" 200 4 "http://localhost:3000/" "Mozilla/5.0 (Windows NT 10.0; Win64; x64) AppleWebKit/537.36 (KHTML, like Gecko) Chrome/99.0.4844.82 Safari/537.36"

info: ::1 - - [28/Mar/2022:05:30:06 +0000] "POST /users/logout HTTP/1.1" 200 48 "http://localhost:3000/" "Mozilla/5.0 (Windows NT 10.0; Win64; x64) AppleWebKit/537.36 (KHTML, like Gecko) Chrome/99.0.4844.82 Safari/537.36"

info: ::1 - - [28/Mar/2022:05:30:21 +0000] "OPTIONS /users/login HTTP/1.1" 200 4 "http://localhost:3000/" "Mozilla/5.0 (Windows NT 10.0; Win64; x64) AppleWebKit/537.36 (KHTML, like Gecko) Chrome/99.0.4844.82 Safari/537.36"

info: ::1 - - [28/Mar/2022:05:30:21 +0000] "POST /users/login HTTP/1.1" 403 74 "http://localhost:3000/" "Mozilla/5.0 (Windows NT 10.0; Win64; x64) AppleWebKit/537.36 (KHTML, like Gecko) Chrome/99.0.4844.82 Safari/537.36"

info: ::1 - - [28/Mar/2022:05:30:24 +0000] "POST /users/login HTTP/1.1" 403 74 "http://localhost:3000/" "Mozilla/5.0 (Windows NT 10.0; Win64; x64) AppleWebKit/537.36 (KHTML, like Gecko) Chrome/99.0.4844.82 Safari/537.36"

info: ::1 - - [28/Mar/2022:05:30:37 +0000] "OPTIONS /users/login HTTP/1.1" 200 4 "http://localhost:3000/" "Mozilla/5.0 (Windows NT 10.0; Win64; x64) AppleWebKit/537.36 (KHTML, like Gecko) Chrome/99.0.4844.82 Safari/537.36"

info: ::1 - - [28/Mar/2022:05:30:37 +0000] "POST /users/login HTTP/1.1" 403 49 "http://localhost:3000/" "Mozilla/5.0 (Windows NT 10.0; Win64; x64) AppleWebKit/537.36 (KHTML, like Gecko) Chrome/99.0.4844.82 Safari/537.36"

info: ::1 - - [28/Mar/2022:05:30:39 +0000] "POST /users/login HTTP/1.1" 200 386 "http://localhost:3000/" "Mozilla/5.0 (Windows NT 10.0; Win64; x64) AppleWebKit/537.36 (KHTML, like Gecko) Chrome/99.0.4844.82 Safari/537.36"

info: ::1 - - [28/Mar/2022:05:30:40 +0000] "OPTIONS /admin/getEmployee HTTP/1.1" 200 4 "http://localhost:3000/" "Mozilla/5.0 (Windows NT 10.0; Win64; x64) AppleWebKit/537.36 (KHTML, like Gecko) Chrome/99.0.4844.82 Safari/537.36"

info: ::1 - - [28/Mar/2022:05:30:40 +0000] "POST /admin/getEmployee HTTP/1.1" 200 407 "http://localhost:3000/" "Mozilla/5.0 (Windows NT 10.0; Win64; x64) AppleWebKit/537.36 (KHTML, like Gecko) Chrome/99.0.4844.82 Safari/537.36"

info: ::ffff:127.0.0.1 - - [28/Mar/2022:09:39:42 +0000] "GET /getRolebyId HTTP/1.1" 404 47 "-" "Thunder Client (https://www.thunderclient.com)"

info: ::ffff:127.0.0.1 - - [28/Mar/2022:09:40:00 +0000] "GET /getRolebyId HTTP/1.1" 404 47 "-" "Thunder Client (https://www.thunderclient.com)"

info: ::ffff:127.0.0.1 - - [28/Mar/2022:09:40:33 +0000] "GET /getRolebyId HTTP/1.1" 404 47 "-" "Thunder Client (https://www.thunderclient.com)"

info: ::ffff:127.0.0.1 - - [28/Mar/2022:09:40:34 +0000] "GET /getRolebyId HTTP/1.1" 404 47 "-" "Thunder Client (https://www.thunderclient.com)"

info: ::ffff:127.0.0.1 - - [28/Mar/2022:09:40:34 +0000] "GET /getRolebyId HTTP/1.1" 404 47 "-" "Thunder Client (https://www.thunderclient.com)"

info: ::ffff:127.0.0.1 - - [28/Mar/2022:09:40:34 +0000] "GET /getRolebyId HTTP/1.1" 404 47 "-" "Thunder Client (https://www.thunderclient.com)"

info: ::ffff:127.0.0.1 - - [28/Mar/2022:09:40:35 +0000] "GET /getRolebyId HTTP/1.1" 404 47 "-" "Thunder Client (https://www.thunderclient.com)"

info: ::ffff:127.0.0.1 - - [28/Mar/2022:09:40:35 +0000] "GET /getRolebyId HTTP/1.1" 404 47 "-" "Thunder Client (https://www.thunderclient.com)"

info: ::ffff:127.0.0.1 - - [28/Mar/2022:09:40:35 +0000] "GET /getRolebyId HTTP/1.1" 404 47 "-" "Thunder Client (https://www.thunderclient.com)"

info: ::ffff:127.0.0.1 - - [28/Mar/2022:09:40:35 +0000] "GET /getRolebyId HTTP/1.1" 404 47 "-" "Thunder Client (https://www.thunderclient.com)"

info: ::ffff:127.0.0.1 - - [28/Mar/2022:09:41:00 +0000] "POST /addRole HTTP/1.1" 404 47 "-" "Thunder Client (https://www.thunderclient.com)"

info: ::ffff:127.0.0.1 - - [28/Mar/2022:09:43:10 +0000] "GET /getRolebyId HTTP/1.1" 200 171 "-" "Thunder Client (https://www.thunderclient.com)"

info: ::ffff:127.0.0.1 - - [28/Mar/2022:09:48:13 +0000] "DELETE /deleteRole HTTP/1.1" 200 59 "-" "Thunder Client (https://www.thunderclient.com)"

info: ::ffff:127.0.0.1 - - [28/Mar/2022:09:48:58 +0000] "POST /addRole HTTP/1.1" 201 158 "-" "Thunder Client (https://www.thunderclient.com)"

info: ::ffff:127.0.0.1 - - [28/Mar/2022:09:49:10 +0000] "POST /addRole HTTP/1.1" 201 170 "-" "Thunder Client (https://www.thunderclient.com)"

info: ::ffff:127.0.0.1 - - [28/Mar/2022:09:55:13 +0000] "PUT /updateRole HTTP/1.1" 400 52 "-" "Thunder Client (https://www.thunderclient.com)"

info: ::ffff:127.0.0.1 - - [28/Mar/2022:09:55:32 +0000] "PUT /updateRole HTTP/1.1" 200 53 "-" "Thunder Client (https://www.thunderclient.com)"

info: ::ffff:127.0.0.1 - - [28/Mar/2022:09:56:23 +0000] "POST /addRole HTTP/1.1" 201 158 "-" "Thunder Client (https://www.thunderclient.com)"

info: ::ffff:127.0.0.1 - - [28/Mar/2022:09:56:37 +0000] "POST /addRole HTTP/1.1" 201 170 "-" "Thunder Client (https://www.thunderclient.com)"

info: ::ffff:127.0.0.1 - - [28/Mar/2022:10:17:30 +0000] "POST /addDepartment HTTP/1.1" 201 170 "-" "Thunder Client (https://www.thunderclient.com)"

info: ::ffff:127.0.0.1 - - [28/Mar/2022:10:27:01 +0000] "GET /getDepartmentbyId HTTP/1.1" 200 180 "-" "Thunder Client (https://www.thunderclient.com)"

info: ::ffff:127.0.0.1 - - [28/Mar/2022:10:40:00 +0000] "PUT /updateDepartment HTTP/1.1" 200 53 "-" "Thunder Client (https://www.thunderclient.com)"

info: ::ffff:127.0.0.1 - - [28/Mar/2022:10:40:21 +0000] "PUT /updateDepartment HTTP/1.1" 200 53 "-" "Thunder Client (https://www.thunderclient.com)"

info: ::ffff:127.0.0.1 - - [28/Mar/2022:10:47:40 +0000] "POST /users/login HTTP/1.1" 403 74 "-" "node-superagent/3.8.3"

info: ::ffff:127.0.0.1 - - [28/Mar/2022:10:47:40 +0000] "POST /users/login HTTP/1.1" 403 74 "-" "node-superagent/3.8.3"

info: ::ffff:127.0.0.1 - - [28/Mar/2022:10:47:40 +0000] "POST /users/login HTTP/1.1" 403 74 "-" "node-superagent/3.8.3"

info: ::ffff:127.0.0.1 - - [28/Mar/2022:10:48:57 +0000] "POST /users/login HTTP/1.1" 200 386 "-" "node-superagent/3.8.3"

info: ::ffff:127.0.0.1 - - [28/Mar/2022:10:48:57 +0000] "POST /users/login HTTP/1.1" 403 74 "-" "node-superagent/3.8.3"

info: ::ffff:127.0.0.1 - - [28/Mar/2022:10:48:57 +0000] "POST /users/login HTTP/1.1" 403 74 "-" "node-superagent/3.8.3"

