info: ::1 - - [27/Mar/2022:11:01:37 +0000] "OPTIONS /users/login HTTP/1.1" 200 4 "http://localhost:3000/" "Mozilla/5.0 (Windows NT 10.0; Win64; x64) AppleWebKit/537.36 (KHTML, like Gecko) Chrome/99.0.4844.82 Safari/537.36"

info: ::1 - - [27/Mar/2022:11:01:37 +0000] "POST /users/login HTTP/1.1" 403 74 "http://localhost:3000/" "Mozilla/5.0 (Windows NT 10.0; Win64; x64) AppleWebKit/537.36 (KHTML, like Gecko) Chrome/99.0.4844.82 Safari/537.36"

info: ::1 - - [27/Mar/2022:11:01:50 +0000] "OPTIONS /users/login HTTP/1.1" 200 4 "http://localhost:3000/" "Mozilla/5.0 (Windows NT 10.0; Win64; x64) AppleWebKit/537.36 (KHTML, like Gecko) Chrome/99.0.4844.82 Safari/537.36"

info: ::1 - - [27/Mar/2022:11:01:50 +0000] "POST /users/login HTTP/1.1" 403 74 "http://localhost:3000/" "Mozilla/5.0 (Windows NT 10.0; Win64; x64) AppleWebKit/537.36 (KHTML, like Gecko) Chrome/99.0.4844.82 Safari/537.36"

info: ::1 - - [27/Mar/2022:11:02:17 +0000] "OPTIONS /users/login HTTP/1.1" 200 4 "http://localhost:3000/" "Mozilla/5.0 (Windows NT 10.0; Win64; x64) AppleWebKit/537.36 (KHTML, like Gecko) Chrome/99.0.4844.82 Safari/537.36"

info: ::1 - - [27/Mar/2022:11:02:17 +0000] "POST /users/login HTTP/1.1" 200 386 "http://localhost:3000/" "Mozilla/5.0 (Windows NT 10.0; Win64; x64) AppleWebKit/537.36 (KHTML, like Gecko) Chrome/99.0.4844.82 Safari/537.36"

info: ::1 - - [27/Mar/2022:11:02:21 +0000] "OPTIONS /admin/getEmployee HTTP/1.1" 200 4 "http://localhost:3000/" "Mozilla/5.0 (Windows NT 10.0; Win64; x64) AppleWebKit/537.36 (KHTML, like Gecko) Chrome/99.0.4844.82 Safari/537.36"

info: ::1 - - [27/Mar/2022:11:02:21 +0000] "POST /admin/getEmployee HTTP/1.1" 200 407 "http://localhost:3000/" "Mozilla/5.0 (Windows NT 10.0; Win64; x64) AppleWebKit/537.36 (KHTML, like Gecko) Chrome/99.0.4844.82 Safari/537.36"

info: ::ffff:127.0.0.1 - - [27/Mar/2022:11:03:53 +0000] "PUT /admin/updateEmployee HTTP/1.1" 400 56 "-" "Thunder Client (https://www.thunderclient.com)"

info: ::ffff:127.0.0.1 - - [27/Mar/2022:11:04:01 +0000] "PUT /admin/updateEmployee HTTP/1.1" 400 56 "-" "Thunder Client (https://www.thunderclient.com)"

info: ::ffff:127.0.0.1 - - [27/Mar/2022:11:04:11 +0000] "PUT /admin/updateEmployee HTTP/1.1" 400 56 "-" "Thunder Client (https://www.thunderclient.com)"

info: ::ffff:127.0.0.1 - - [27/Mar/2022:11:06:53 +0000] "PUT /admin/updateEmployee HTTP/1.1" 200 53 "-" "Thunder Client (https://www.thunderclient.com)"

info: ::ffff:127.0.0.1 - - [27/Mar/2022:11:06:58 +0000] "PUT /admin/updateEmployee HTTP/1.1" 400 56 "-" "Thunder Client (https://www.thunderclient.com)"

info: ::ffff:127.0.0.1 - - [27/Mar/2022:11:07:13 +0000] "PUT /admin/updateEmployee HTTP/1.1" 400 56 "-" "Thunder Client (https://www.thunderclient.com)"

info: ::ffff:127.0.0.1 - - [27/Mar/2022:11:08:22 +0000] "PUT /admin/updateEmployee HTTP/1.1" 400 56 "-" "Thunder Client (https://www.thunderclient.com)"

info: ::ffff:127.0.0.1 - - [27/Mar/2022:11:09:02 +0000] "PUT /admin/updateEmployee HTTP/1.1" 200 53 "-" "Thunder Client (https://www.thunderclient.com)"

info: ::ffff:127.0.0.1 - - [27/Mar/2022:11:09:11 +0000] "PUT /admin/updateEmployee HTTP/1.1" 200 53 "-" "Thunder Client (https://www.thunderclient.com)"

info: ::ffff:127.0.0.1 - - [27/Mar/2022:11:09:21 +0000] "PUT /admin/updateEmployee HTTP/1.1" 200 53 "-" "Thunder Client (https://www.thunderclient.com)"

info: ::ffff:127.0.0.1 - - [27/Mar/2022:11:09:26 +0000] "PUT /admin/updateEmployee HTTP/1.1" 200 53 "-" "Thunder Client (https://www.thunderclient.com)"

info: ::ffff:127.0.0.1 - - [27/Mar/2022:11:09:38 +0000] "PUT /admin/updateEmployee HTTP/1.1" 200 53 "-" "Thunder Client (https://www.thunderclient.com)"

info: ::1 - - [27/Mar/2022:11:12:17 +0000] "OPTIONS /admin/getEmployee HTTP/1.1" 200 4 "http://localhost:3000/" "Mozilla/5.0 (Windows NT 10.0; Win64; x64) AppleWebKit/537.36 (KHTML, like Gecko) Chrome/99.0.4844.82 Safari/537.36"

info: ::1 - - [27/Mar/2022:11:12:17 +0000] "POST /admin/getEmployee HTTP/1.1" 200 407 "http://localhost:3000/" "Mozilla/5.0 (Windows NT 10.0; Win64; x64) AppleWebKit/537.36 (KHTML, like Gecko) Chrome/99.0.4844.82 Safari/537.36"

info: ::1 - - [27/Mar/2022:11:33:46 +0000] "OPTIONS /admin/getEmployee HTTP/1.1" 200 4 "http://localhost:3000/" "Mozilla/5.0 (Windows NT 10.0; Win64; x64) AppleWebKit/537.36 (KHTML, like Gecko) Chrome/99.0.4844.82 Safari/537.36"

info: ::1 - - [27/Mar/2022:11:33:46 +0000] "POST /admin/getEmployee HTTP/1.1" 200 407 "http://localhost:3000/" "Mozilla/5.0 (Windows NT 10.0; Win64; x64) AppleWebKit/537.36 (KHTML, like Gecko) Chrome/99.0.4844.82 Safari/537.36"

info: ::1 - - [27/Mar/2022:11:38:10 +0000] "OPTIONS /admin/getEmployee HTTP/1.1" 200 4 "http://localhost:3000/" "Mozilla/5.0 (Windows NT 10.0; Win64; x64) AppleWebKit/537.36 (KHTML, like Gecko) Chrome/99.0.4844.82 Safari/537.36"

info: ::1 - - [27/Mar/2022:11:38:10 +0000] "POST /admin/getEmployee HTTP/1.1" 200 407 "http://localhost:3000/" "Mozilla/5.0 (Windows NT 10.0; Win64; x64) AppleWebKit/537.36 (KHTML, like Gecko) Chrome/99.0.4844.82 Safari/537.36"

info: ::1 - - [27/Mar/2022:11:40:23 +0000] "OPTIONS /admin/getEmployee HTTP/1.1" 200 4 "http://localhost:3000/" "Mozilla/5.0 (Windows NT 10.0; Win64; x64) AppleWebKit/537.36 (KHTML, like Gecko) Chrome/99.0.4844.82 Safari/537.36"

info: ::1 - - [27/Mar/2022:11:40:24 +0000] "POST /admin/getEmployee HTTP/1.1" 200 407 "http://localhost:3000/" "Mozilla/5.0 (Windows NT 10.0; Win64; x64) AppleWebKit/537.36 (KHTML, like Gecko) Chrome/99.0.4844.82 Safari/537.36"

info: ::1 - - [27/Mar/2022:11:41:07 +0000] "OPTIONS /admin/getEmployee HTTP/1.1" 200 4 "http://localhost:3000/" "Mozilla/5.0 (Windows NT 10.0; Win64; x64) AppleWebKit/537.36 (KHTML, like Gecko) Chrome/99.0.4844.82 Safari/537.36"

info: ::1 - - [27/Mar/2022:11:41:07 +0000] "POST /admin/getEmployee HTTP/1.1" 200 407 "http://localhost:3000/" "Mozilla/5.0 (Windows NT 10.0; Win64; x64) AppleWebKit/537.36 (KHTML, like Gecko) Chrome/99.0.4844.82 Safari/537.36"

info: ::1 - - [27/Mar/2022:11:53:41 +0000] "OPTIONS /users/login HTTP/1.1" 200 4 "http://localhost:3000/" "Mozilla/5.0 (Windows NT 10.0; Win64; x64) AppleWebKit/537.36 (KHTML, like Gecko) Chrome/99.0.4844.82 Safari/537.36"

info: ::1 - - [27/Mar/2022:11:53:42 +0000] "POST /users/login HTTP/1.1" 200 388 "http://localhost:3000/" "Mozilla/5.0 (Windows NT 10.0; Win64; x64) AppleWebKit/537.36 (KHTML, like Gecko) Chrome/99.0.4844.82 Safari/537.36"

info: ::1 - - [27/Mar/2022:11:53:43 +0000] "OPTIONS /admin/getEmployee HTTP/1.1" 200 4 "http://localhost:3000/" "Mozilla/5.0 (Windows NT 10.0; Win64; x64) AppleWebKit/537.36 (KHTML, like Gecko) Chrome/99.0.4844.82 Safari/537.36"

info: ::1 - - [27/Mar/2022:11:53:43 +0000] "POST /admin/getEmployee HTTP/1.1" 200 409 "http://localhost:3000/" "Mozilla/5.0 (Windows NT 10.0; Win64; x64) AppleWebKit/537.36 (KHTML, like Gecko) Chrome/99.0.4844.82 Safari/537.36"

info: ::1 - - [27/Mar/2022:11:54:56 +0000] "OPTIONS /admin/getEmployee HTTP/1.1" 200 4 "http://localhost:3000/" "Mozilla/5.0 (Windows NT 10.0; Win64; x64) AppleWebKit/537.36 (KHTML, like Gecko) Chrome/99.0.4844.82 Safari/537.36"

info: ::1 - - [27/Mar/2022:11:54:56 +0000] "POST /admin/getEmployee HTTP/1.1" 200 409 "http://localhost:3000/" "Mozilla/5.0 (Windows NT 10.0; Win64; x64) AppleWebKit/537.36 (KHTML, like Gecko) Chrome/99.0.4844.82 Safari/537.36"

info: ::1 - - [27/Mar/2022:11:56:31 +0000] "OPTIONS /admin/getEmployee HTTP/1.1" 200 4 "http://localhost:3000/" "Mozilla/5.0 (Windows NT 10.0; Win64; x64) AppleWebKit/537.36 (KHTML, like Gecko) Chrome/99.0.4844.82 Safari/537.36"

info: ::1 - - [27/Mar/2022:11:56:31 +0000] "POST /admin/getEmployee HTTP/1.1" 200 409 "http://localhost:3000/" "Mozilla/5.0 (Windows NT 10.0; Win64; x64) AppleWebKit/537.36 (KHTML, like Gecko) Chrome/99.0.4844.82 Safari/537.36"

info: ::1 - - [27/Mar/2022:11:57:25 +0000] "OPTIONS /admin/getEmployee HTTP/1.1" 200 4 "http://localhost:3000/" "Mozilla/5.0 (Windows NT 10.0; Win64; x64) AppleWebKit/537.36 (KHTML, like Gecko) Chrome/99.0.4844.82 Safari/537.36"

info: ::1 - - [27/Mar/2022:11:57:25 +0000] "POST /admin/getEmployee HTTP/1.1" 200 409 "http://localhost:3000/" "Mozilla/5.0 (Windows NT 10.0; Win64; x64) AppleWebKit/537.36 (KHTML, like Gecko) Chrome/99.0.4844.82 Safari/537.36"

info: ::1 - - [27/Mar/2022:11:59:58 +0000] "OPTIONS /admin/getEmployee HTTP/1.1" 200 4 "http://localhost:3000/" "Mozilla/5.0 (Windows NT 10.0; Win64; x64) AppleWebKit/537.36 (KHTML, like Gecko) Chrome/99.0.4844.82 Safari/537.36"

info: ::1 - - [27/Mar/2022:11:59:58 +0000] "POST /admin/getEmployee HTTP/1.1" 200 409 "http://localhost:3000/" "Mozilla/5.0 (Windows NT 10.0; Win64; x64) AppleWebKit/537.36 (KHTML, like Gecko) Chrome/99.0.4844.82 Safari/537.36"

info: ::1 - - [27/Mar/2022:12:00:51 +0000] "OPTIONS /admin/getEmployee HTTP/1.1" 200 4 "http://localhost:3000/" "Mozilla/5.0 (Windows NT 10.0; Win64; x64) AppleWebKit/537.36 (KHTML, like Gecko) Chrome/99.0.4844.82 Safari/537.36"

info: ::1 - - [27/Mar/2022:12:00:51 +0000] "POST /admin/getEmployee HTTP/1.1" 200 409 "http://localhost:3000/" "Mozilla/5.0 (Windows NT 10.0; Win64; x64) AppleWebKit/537.36 (KHTML, like Gecko) Chrome/99.0.4844.82 Safari/537.36"

info: ::1 - - [27/Mar/2022:12:02:28 +0000] "OPTIONS /admin/getEmployee HTTP/1.1" 200 4 "http://localhost:3000/" "Mozilla/5.0 (Windows NT 10.0; Win64; x64) AppleWebKit/537.36 (KHTML, like Gecko) Chrome/99.0.4844.82 Safari/537.36"

info: ::1 - - [27/Mar/2022:12:02:28 +0000] "POST /admin/getEmployee HTTP/1.1" 200 409 "http://localhost:3000/" "Mozilla/5.0 (Windows NT 10.0; Win64; x64) AppleWebKit/537.36 (KHTML, like Gecko) Chrome/99.0.4844.82 Safari/537.36"

info: ::1 - - [27/Mar/2022:12:03:39 +0000] "OPTIONS /admin/getEmployee HTTP/1.1" 200 4 "http://localhost:3000/" "Mozilla/5.0 (Windows NT 10.0; Win64; x64) AppleWebKit/537.36 (KHTML, like Gecko) Chrome/99.0.4844.82 Safari/537.36"

info: ::1 - - [27/Mar/2022:12:03:40 +0000] "POST /admin/getEmployee HTTP/1.1" 200 409 "http://localhost:3000/" "Mozilla/5.0 (Windows NT 10.0; Win64; x64) AppleWebKit/537.36 (KHTML, like Gecko) Chrome/99.0.4844.82 Safari/537.36"

info: ::1 - - [27/Mar/2022:12:07:11 +0000] "OPTIONS /admin/getEmployee HTTP/1.1" 200 4 "http://localhost:3000/" "Mozilla/5.0 (Windows NT 10.0; Win64; x64) AppleWebKit/537.36 (KHTML, like Gecko) Chrome/99.0.4844.82 Safari/537.36"

info: ::1 - - [27/Mar/2022:12:07:11 +0000] "POST /admin/getEmployee HTTP/1.1" 200 409 "http://localhost:3000/" "Mozilla/5.0 (Windows NT 10.0; Win64; x64) AppleWebKit/537.36 (KHTML, like Gecko) Chrome/99.0.4844.82 Safari/537.36"

info: ::1 - - [27/Mar/2022:12:08:47 +0000] "OPTIONS /admin/getEmployee HTTP/1.1" 200 4 "http://localhost:3000/" "Mozilla/5.0 (Windows NT 10.0; Win64; x64) AppleWebKit/537.36 (KHTML, like Gecko) Chrome/99.0.4844.82 Safari/537.36"

info: ::1 - - [27/Mar/2022:12:08:47 +0000] "POST /admin/getEmployee HTTP/1.1" 200 409 "http://localhost:3000/" "Mozilla/5.0 (Windows NT 10.0; Win64; x64) AppleWebKit/537.36 (KHTML, like Gecko) Chrome/99.0.4844.82 Safari/537.36"

info: ::1 - - [27/Mar/2022:12:12:37 +0000] "OPTIONS /admin/getEmployee HTTP/1.1" 200 4 "http://localhost:3000/" "Mozilla/5.0 (Windows NT 10.0; Win64; x64) AppleWebKit/537.36 (KHTML, like Gecko) Chrome/99.0.4844.82 Safari/537.36"

info: ::1 - - [27/Mar/2022:12:12:37 +0000] "POST /admin/getEmployee HTTP/1.1" 200 409 "http://localhost:3000/" "Mozilla/5.0 (Windows NT 10.0; Win64; x64) AppleWebKit/537.36 (KHTML, like Gecko) Chrome/99.0.4844.82 Safari/537.36"

