info: ::1 - - [04/Apr/2022:06:21:34 +0000] "OPTIONS /users/login HTTP/1.1" 200 4 "http://localhost:3000/" "Mozilla/5.0 (Windows NT 10.0; Win64; x64) AppleWebKit/537.36 (KHTML, like Gecko) Chrome/100.0.4896.60 Safari/537.36"

info: ::1 - - [04/Apr/2022:06:21:34 +0000] "POST /users/login HTTP/1.1" 403 49 "http://localhost:3000/" "Mozilla/5.0 (Windows NT 10.0; Win64; x64) AppleWebKit/537.36 (KHTML, like Gecko) Chrome/100.0.4896.60 Safari/537.36"

info: ::1 - - [04/Apr/2022:06:21:38 +0000] "POST /users/login HTTP/1.1" 403 49 "http://localhost:3000/" "Mozilla/5.0 (Windows NT 10.0; Win64; x64) AppleWebKit/537.36 (KHTML, like Gecko) Chrome/100.0.4896.60 Safari/537.36"

info: ::1 - - [04/Apr/2022:06:22:03 +0000] "OPTIONS /users/login HTTP/1.1" 200 4 "http://localhost:3000/" "Mozilla/5.0 (Windows NT 10.0; Win64; x64) AppleWebKit/537.36 (KHTML, like Gecko) Chrome/100.0.4896.60 Safari/537.36"

info: ::1 - - [04/Apr/2022:06:22:03 +0000] "POST /users/login HTTP/1.1" 403 74 "http://localhost:3000/" "Mozilla/5.0 (Windows NT 10.0; Win64; x64) AppleWebKit/537.36 (KHTML, like Gecko) Chrome/100.0.4896.60 Safari/537.36"

info: ::1 - - [04/Apr/2022:06:23:41 +0000] "OPTIONS /users/login HTTP/1.1" 200 4 "http://localhost:3000/" "Mozilla/5.0 (Windows NT 10.0; Win64; x64) AppleWebKit/537.36 (KHTML, like Gecko) Chrome/100.0.4896.60 Safari/537.36"

info: ::1 - - [04/Apr/2022:06:23:42 +0000] "POST /users/login HTTP/1.1" 200 386 "http://localhost:3000/" "Mozilla/5.0 (Windows NT 10.0; Win64; x64) AppleWebKit/537.36 (KHTML, like Gecko) Chrome/100.0.4896.60 Safari/537.36"

info: ::1 - - [04/Apr/2022:06:23:44 +0000] "OPTIONS /admin/getEmployee HTTP/1.1" 200 4 "http://localhost:3000/" "Mozilla/5.0 (Windows NT 10.0; Win64; x64) AppleWebKit/537.36 (KHTML, like Gecko) Chrome/100.0.4896.60 Safari/537.36"

info: ::1 - - [04/Apr/2022:06:23:44 +0000] "POST /admin/getEmployee HTTP/1.1" 200 407 "http://localhost:3000/" "Mozilla/5.0 (Windows NT 10.0; Win64; x64) AppleWebKit/537.36 (KHTML, like Gecko) Chrome/100.0.4896.60 Safari/537.36"

info: ::1 - - [04/Apr/2022:06:49:59 +0000] "OPTIONS /admin/getEmployee HTTP/1.1" 200 4 "http://localhost:3000/" "Mozilla/5.0 (Windows NT 10.0; Win64; x64) AppleWebKit/537.36 (KHTML, like Gecko) Chrome/100.0.4896.60 Safari/537.36"

info: ::1 - - [04/Apr/2022:06:49:59 +0000] "POST /admin/getEmployee HTTP/1.1" 200 407 "http://localhost:3000/" "Mozilla/5.0 (Windows NT 10.0; Win64; x64) AppleWebKit/537.36 (KHTML, like Gecko) Chrome/100.0.4896.60 Safari/537.36"

info: ::1 - - [04/Apr/2022:07:23:01 +0000] "OPTIONS /admin/getEmployee HTTP/1.1" 200 4 "http://localhost:3000/" "Mozilla/5.0 (Windows NT 10.0; Win64; x64) AppleWebKit/537.36 (KHTML, like Gecko) Chrome/100.0.4896.60 Safari/537.36"

info: ::1 - - [04/Apr/2022:07:23:01 +0000] "POST /admin/getEmployee HTTP/1.1" 200 407 "http://localhost:3000/" "Mozilla/5.0 (Windows NT 10.0; Win64; x64) AppleWebKit/537.36 (KHTML, like Gecko) Chrome/100.0.4896.60 Safari/537.36"

info: ::1 - - [04/Apr/2022:08:56:33 +0000] "OPTIONS /users/logout HTTP/1.1" 200 4 "http://localhost:3000/" "Mozilla/5.0 (Windows NT 10.0; Win64; x64) AppleWebKit/537.36 (KHTML, like Gecko) Chrome/100.0.4896.60 Safari/537.36"

info: ::1 - - [04/Apr/2022:08:56:33 +0000] "POST /users/logout HTTP/1.1" 200 48 "http://localhost:3000/" "Mozilla/5.0 (Windows NT 10.0; Win64; x64) AppleWebKit/537.36 (KHTML, like Gecko) Chrome/100.0.4896.60 Safari/537.36"

info: ::1 - - [04/Apr/2022:08:56:46 +0000] "OPTIONS /users/login HTTP/1.1" 200 4 "http://localhost:3000/" "Mozilla/5.0 (Windows NT 10.0; Win64; x64) AppleWebKit/537.36 (KHTML, like Gecko) Chrome/100.0.4896.60 Safari/537.36"

info: ::1 - - [04/Apr/2022:08:56:46 +0000] "POST /users/login HTTP/1.1" 403 49 "http://localhost:3000/" "Mozilla/5.0 (Windows NT 10.0; Win64; x64) AppleWebKit/537.36 (KHTML, like Gecko) Chrome/100.0.4896.60 Safari/537.36"

info: ::1 - - [04/Apr/2022:08:57:11 +0000] "OPTIONS /users/login HTTP/1.1" 200 4 "http://localhost:3000/" "Mozilla/5.0 (Windows NT 10.0; Win64; x64) AppleWebKit/537.36 (KHTML, like Gecko) Chrome/100.0.4896.60 Safari/537.36"

info: ::1 - - [04/Apr/2022:08:57:12 +0000] "POST /users/login HTTP/1.1" 403 49 "http://localhost:3000/" "Mozilla/5.0 (Windows NT 10.0; Win64; x64) AppleWebKit/537.36 (KHTML, like Gecko) Chrome/100.0.4896.60 Safari/537.36"

info: ::1 - - [04/Apr/2022:08:57:15 +0000] "POST /users/login HTTP/1.1" 200 386 "http://localhost:3000/" "Mozilla/5.0 (Windows NT 10.0; Win64; x64) AppleWebKit/537.36 (KHTML, like Gecko) Chrome/100.0.4896.60 Safari/537.36"

info: ::1 - - [04/Apr/2022:08:57:16 +0000] "OPTIONS /admin/getEmployee HTTP/1.1" 200 4 "http://localhost:3000/" "Mozilla/5.0 (Windows NT 10.0; Win64; x64) AppleWebKit/537.36 (KHTML, like Gecko) Chrome/100.0.4896.60 Safari/537.36"

info: ::1 - - [04/Apr/2022:08:57:16 +0000] "POST /admin/getEmployee HTTP/1.1" 200 407 "http://localhost:3000/" "Mozilla/5.0 (Windows NT 10.0; Win64; x64) AppleWebKit/537.36 (KHTML, like Gecko) Chrome/100.0.4896.60 Safari/537.36"

info: ::1 - - [04/Apr/2022:08:57:35 +0000] "OPTIONS /users/logout HTTP/1.1" 200 4 "http://localhost:3000/" "Mozilla/5.0 (Windows NT 10.0; Win64; x64) AppleWebKit/537.36 (KHTML, like Gecko) Chrome/100.0.4896.60 Safari/537.36"

info: ::1 - - [04/Apr/2022:08:57:35 +0000] "POST /users/logout HTTP/1.1" 200 48 "http://localhost:3000/" "Mozilla/5.0 (Windows NT 10.0; Win64; x64) AppleWebKit/537.36 (KHTML, like Gecko) Chrome/100.0.4896.60 Safari/537.36"

info: ::1 - - [04/Apr/2022:08:57:44 +0000] "OPTIONS /users/login HTTP/1.1" 200 4 "http://localhost:3000/" "Mozilla/5.0 (Windows NT 10.0; Win64; x64) AppleWebKit/537.36 (KHTML, like Gecko) Chrome/100.0.4896.60 Safari/537.36"

info: ::1 - - [04/Apr/2022:08:57:44 +0000] "POST /users/login HTTP/1.1" 200 386 "http://localhost:3000/" "Mozilla/5.0 (Windows NT 10.0; Win64; x64) AppleWebKit/537.36 (KHTML, like Gecko) Chrome/100.0.4896.60 Safari/537.36"

info: ::1 - - [04/Apr/2022:08:57:45 +0000] "OPTIONS /admin/getEmployee HTTP/1.1" 200 4 "http://localhost:3000/" "Mozilla/5.0 (Windows NT 10.0; Win64; x64) AppleWebKit/537.36 (KHTML, like Gecko) Chrome/100.0.4896.60 Safari/537.36"

info: ::1 - - [04/Apr/2022:08:57:45 +0000] "POST /admin/getEmployee HTTP/1.1" 200 407 "http://localhost:3000/" "Mozilla/5.0 (Windows NT 10.0; Win64; x64) AppleWebKit/537.36 (KHTML, like Gecko) Chrome/100.0.4896.60 Safari/537.36"

info: ::1 - - [04/Apr/2022:10:46:59 +0000] "OPTIONS /admin/getEmployee HTTP/1.1" 200 4 "http://localhost:3000/" "Mozilla/5.0 (Windows NT 10.0; Win64; x64) AppleWebKit/537.36 (KHTML, like Gecko) Chrome/100.0.4896.60 Safari/537.36"

info: ::1 - - [04/Apr/2022:10:46:59 +0000] "POST /admin/getEmployee HTTP/1.1" 200 407 "http://localhost:3000/" "Mozilla/5.0 (Windows NT 10.0; Win64; x64) AppleWebKit/537.36 (KHTML, like Gecko) Chrome/100.0.4896.60 Safari/537.36"

info: ::1 - - [04/Apr/2022:10:51:01 +0000] "OPTIONS /admin/getEmployee HTTP/1.1" 200 4 "http://localhost:3000/" "Mozilla/5.0 (Windows NT 10.0; Win64; x64) AppleWebKit/537.36 (KHTML, like Gecko) Chrome/100.0.4896.60 Safari/537.36"

info: ::1 - - [04/Apr/2022:10:51:01 +0000] "POST /admin/getEmployee HTTP/1.1" 200 407 "http://localhost:3000/" "Mozilla/5.0 (Windows NT 10.0; Win64; x64) AppleWebKit/537.36 (KHTML, like Gecko) Chrome/100.0.4896.60 Safari/537.36"

info: ::1 - - [04/Apr/2022:13:09:17 +0000] "OPTIONS /admin/getEmployee HTTP/1.1" 200 4 "http://localhost:3000/" "Mozilla/5.0 (Windows NT 10.0; Win64; x64) AppleWebKit/537.36 (KHTML, like Gecko) Chrome/100.0.4896.60 Safari/537.36"

info: ::1 - - [04/Apr/2022:13:09:17 +0000] "POST /admin/getEmployee HTTP/1.1" 200 407 "http://localhost:3000/" "Mozilla/5.0 (Windows NT 10.0; Win64; x64) AppleWebKit/537.36 (KHTML, like Gecko) Chrome/100.0.4896.60 Safari/537.36"

info: ::1 - - [04/Apr/2022:13:19:23 +0000] "OPTIONS /admin/getEmployee HTTP/1.1" 200 4 "http://localhost:3000/" "Mozilla/5.0 (Windows NT 10.0; Win64; x64) AppleWebKit/537.36 (KHTML, like Gecko) Chrome/100.0.4896.60 Safari/537.36"

info: ::1 - - [04/Apr/2022:13:19:23 +0000] "POST /admin/getEmployee HTTP/1.1" 200 407 "http://localhost:3000/" "Mozilla/5.0 (Windows NT 10.0; Win64; x64) AppleWebKit/537.36 (KHTML, like Gecko) Chrome/100.0.4896.60 Safari/537.36"

info: ::1 - - [04/Apr/2022:13:19:35 +0000] "OPTIONS /admin/getEmployee HTTP/1.1" 200 4 "http://localhost:3000/" "Mozilla/5.0 (Windows NT 10.0; Win64; x64) AppleWebKit/537.36 (KHTML, like Gecko) Chrome/100.0.4896.60 Safari/537.36"

info: ::1 - - [04/Apr/2022:13:19:35 +0000] "POST /admin/getEmployee HTTP/1.1" 200 407 "http://localhost:3000/" "Mozilla/5.0 (Windows NT 10.0; Win64; x64) AppleWebKit/537.36 (KHTML, like Gecko) Chrome/100.0.4896.60 Safari/537.36"

info: ::1 - - [04/Apr/2022:13:33:49 +0000] "OPTIONS /admin/getEmployee HTTP/1.1" 200 4 "http://localhost:3000/" "Mozilla/5.0 (Windows NT 10.0; Win64; x64) AppleWebKit/537.36 (KHTML, like Gecko) Chrome/100.0.4896.60 Safari/537.36"

info: ::1 - - [04/Apr/2022:13:33:49 +0000] "POST /admin/getEmployee HTTP/1.1" 200 407 "http://localhost:3000/" "Mozilla/5.0 (Windows NT 10.0; Win64; x64) AppleWebKit/537.36 (KHTML, like Gecko) Chrome/100.0.4896.60 Safari/537.36"

info: ::1 - - [04/Apr/2022:13:58:15 +0000] "OPTIONS /admin/getEmployee HTTP/1.1" 200 4 "http://localhost:3000/" "Mozilla/5.0 (Windows NT 10.0; Win64; x64) AppleWebKit/537.36 (KHTML, like Gecko) Chrome/100.0.4896.60 Safari/537.36"

info: ::1 - - [04/Apr/2022:13:58:15 +0000] "POST /admin/getEmployee HTTP/1.1" 200 407 "http://localhost:3000/" "Mozilla/5.0 (Windows NT 10.0; Win64; x64) AppleWebKit/537.36 (KHTML, like Gecko) Chrome/100.0.4896.60 Safari/537.36"

info: ::1 - - [04/Apr/2022:14:04:31 +0000] "OPTIONS /admin/getEmployee HTTP/1.1" 200 4 "http://localhost:3000/" "Mozilla/5.0 (Windows NT 10.0; Win64; x64) AppleWebKit/537.36 (KHTML, like Gecko) Chrome/100.0.4896.60 Safari/537.36"

info: ::1 - - [04/Apr/2022:14:04:31 +0000] "POST /admin/getEmployee HTTP/1.1" 200 407 "http://localhost:3000/" "Mozilla/5.0 (Windows NT 10.0; Win64; x64) AppleWebKit/537.36 (KHTML, like Gecko) Chrome/100.0.4896.60 Safari/537.36"

info: ::1 - - [04/Apr/2022:14:04:45 +0000] "OPTIONS /admin/getEmployee HTTP/1.1" 200 4 "http://localhost:3000/" "Mozilla/5.0 (Windows NT 10.0; Win64; x64) AppleWebKit/537.36 (KHTML, like Gecko) Chrome/100.0.4896.60 Safari/537.36"

info: ::1 - - [04/Apr/2022:14:04:45 +0000] "POST /admin/getEmployee HTTP/1.1" 200 407 "http://localhost:3000/" "Mozilla/5.0 (Windows NT 10.0; Win64; x64) AppleWebKit/537.36 (KHTML, like Gecko) Chrome/100.0.4896.60 Safari/537.36"

info: ::1 - - [04/Apr/2022:14:13:21 +0000] "OPTIONS /admin/getEmployee HTTP/1.1" 200 4 "http://localhost:3000/" "Mozilla/5.0 (Windows NT 10.0; Win64; x64) AppleWebKit/537.36 (KHTML, like Gecko) Chrome/100.0.4896.60 Safari/537.36"

info: ::1 - - [04/Apr/2022:14:13:21 +0000] "POST /admin/getEmployee HTTP/1.1" 200 407 "http://localhost:3000/" "Mozilla/5.0 (Windows NT 10.0; Win64; x64) AppleWebKit/537.36 (KHTML, like Gecko) Chrome/100.0.4896.60 Safari/537.36"

info: ::1 - - [04/Apr/2022:14:13:27 +0000] "OPTIONS /admin/getEmployee HTTP/1.1" 200 4 "http://localhost:3000/" "Mozilla/5.0 (Windows NT 10.0; Win64; x64) AppleWebKit/537.36 (KHTML, like Gecko) Chrome/100.0.4896.60 Safari/537.36"

info: ::1 - - [04/Apr/2022:14:13:27 +0000] "POST /admin/getEmployee HTTP/1.1" 200 407 "http://localhost:3000/" "Mozilla/5.0 (Windows NT 10.0; Win64; x64) AppleWebKit/537.36 (KHTML, like Gecko) Chrome/100.0.4896.60 Safari/537.36"

info: ::1 - - [04/Apr/2022:14:29:36 +0000] "OPTIONS /admin/getEmployee HTTP/1.1" 200 4 "http://localhost:3000/" "Mozilla/5.0 (Windows NT 10.0; Win64; x64) AppleWebKit/537.36 (KHTML, like Gecko) Chrome/100.0.4896.60 Safari/537.36"

info: ::1 - - [04/Apr/2022:14:29:36 +0000] "POST /admin/getEmployee HTTP/1.1" 200 407 "http://localhost:3000/" "Mozilla/5.0 (Windows NT 10.0; Win64; x64) AppleWebKit/537.36 (KHTML, like Gecko) Chrome/100.0.4896.60 Safari/537.36"

info: ::1 - - [04/Apr/2022:14:29:58 +0000] "OPTIONS /admin/getEmployee HTTP/1.1" 200 4 "http://localhost:3000/" "Mozilla/5.0 (Windows NT 10.0; Win64; x64) AppleWebKit/537.36 (KHTML, like Gecko) Chrome/100.0.4896.60 Safari/537.36"

info: ::1 - - [04/Apr/2022:14:29:58 +0000] "POST /admin/getEmployee HTTP/1.1" 200 407 "http://localhost:3000/" "Mozilla/5.0 (Windows NT 10.0; Win64; x64) AppleWebKit/537.36 (KHTML, like Gecko) Chrome/100.0.4896.60 Safari/537.36"

info: ::1 - - [04/Apr/2022:14:30:06 +0000] "OPTIONS /admin/getEmployee HTTP/1.1" 200 4 "http://localhost:3000/" "Mozilla/5.0 (Windows NT 10.0; Win64; x64) AppleWebKit/537.36 (KHTML, like Gecko) Chrome/100.0.4896.60 Safari/537.36"

info: ::1 - - [04/Apr/2022:14:30:06 +0000] "POST /admin/getEmployee HTTP/1.1" 200 407 "http://localhost:3000/" "Mozilla/5.0 (Windows NT 10.0; Win64; x64) AppleWebKit/537.36 (KHTML, like Gecko) Chrome/100.0.4896.60 Safari/537.36"

info: ::1 - - [04/Apr/2022:14:31:55 +0000] "OPTIONS /admin/getEmployee HTTP/1.1" 200 4 "http://localhost:3000/" "Mozilla/5.0 (Windows NT 10.0; Win64; x64) AppleWebKit/537.36 (KHTML, like Gecko) Chrome/100.0.4896.60 Safari/537.36"

info: ::1 - - [04/Apr/2022:14:31:55 +0000] "POST /admin/getEmployee HTTP/1.1" 200 407 "http://localhost:3000/" "Mozilla/5.0 (Windows NT 10.0; Win64; x64) AppleWebKit/537.36 (KHTML, like Gecko) Chrome/100.0.4896.60 Safari/537.36"

info: ::1 - - [04/Apr/2022:14:34:15 +0000] "OPTIONS /admin/getEmployee HTTP/1.1" 200 4 "http://localhost:3000/" "Mozilla/5.0 (Windows NT 10.0; Win64; x64) AppleWebKit/537.36 (KHTML, like Gecko) Chrome/100.0.4896.60 Safari/537.36"

info: ::1 - - [04/Apr/2022:14:34:15 +0000] "POST /admin/getEmployee HTTP/1.1" 200 407 "http://localhost:3000/" "Mozilla/5.0 (Windows NT 10.0; Win64; x64) AppleWebKit/537.36 (KHTML, like Gecko) Chrome/100.0.4896.60 Safari/537.36"

