info: Server started at http://localhost:4000 {"timestamp":"2022-04-08T08:36:05.758Z"}
info: Server started at http://localhost:4000 {"timestamp":"2022-04-08T08:38:29.006Z"}
info: Server started at http://localhost:4000 {"timestamp":"2022-04-08T08:38:33.867Z"}
info: Server started at http://localhost:4000 {"timestamp":"2022-04-08T08:38:35.383Z"}
info: Server started at http://localhost:4000 {"timestamp":"2022-04-08T08:38:43.930Z"}
info: Server started at http://localhost:4000 {"timestamp":"2022-04-08T08:38:48.218Z"}
info: Server started at http://localhost:4000 {"timestamp":"2022-04-08T08:38:53.362Z"}
info: Server started at http://localhost:4000 {"timestamp":"2022-04-08T08:39:04.707Z"}
info: Server started at http://localhost:4000 {"timestamp":"2022-04-08T08:39:11.002Z"}
info: Server started at http://localhost:4000 {"timestamp":"2022-04-08T08:39:33.005Z"}
info: Server started at http://localhost:4000 {"timestamp":"2022-04-08T08:45:36.444Z"}
info: Server started at http://localhost:4000 {"timestamp":"2022-04-08T08:45:37.623Z"}
info: Server started at http://localhost:4000 {"timestamp":"2022-04-08T08:45:47.221Z"}
info: Server started at http://localhost:4000 {"timestamp":"2022-04-08T08:45:50.363Z"}
info: Server started at http://localhost:4000 {"timestamp":"2022-04-08T08:46:00.791Z"}
info: Server started at http://localhost:4000 {"timestamp":"2022-04-08T08:46:02.751Z"}
info: Server started at http://localhost:4000 {"timestamp":"2022-04-08T08:46:11.234Z"}
info: Server started at http://localhost:4000 {"timestamp":"2022-04-08T08:46:14.455Z"}
info: Server started at http://localhost:4000 {"timestamp":"2022-04-08T08:47:01.647Z"}
info: Server started at http://localhost:4000 {"timestamp":"2022-04-08T08:47:06.321Z"}
info: Server started at http://localhost:4000 {"timestamp":"2022-04-08T08:47:07.936Z"}
info: Server started at http://localhost:4000 {"timestamp":"2022-04-08T08:47:18.193Z"}
info: Server started at http://localhost:4000 {"timestamp":"2022-04-08T08:47:28.317Z"}
info: Server started at http://localhost:4000 {"timestamp":"2022-04-08T08:57:26.535Z"}
info: Server started at http://localhost:4000 {"timestamp":"2022-04-08T08:57:33.294Z"}
info: Server started at http://localhost:4000 {"timestamp":"2022-04-08T08:58:01.144Z"}
info: Server started at http://localhost:4000 {"timestamp":"2022-04-08T08:58:05.608Z"}
info: Server started at http://localhost:4000 {"timestamp":"2022-04-08T08:58:07.764Z"}
info: Server started at http://localhost:4000 {"timestamp":"2022-04-08T08:58:11.451Z"}
info: Server started at http://localhost:4000 {"timestamp":"2022-04-08T08:58:15.577Z"}
info: Server started at http://localhost:4000 {"timestamp":"2022-04-08T08:58:18.818Z"}
info: Server started at http://localhost:4000 {"timestamp":"2022-04-08T08:58:30.842Z"}
info: Server started at http://localhost:4000 {"timestamp":"2022-04-08T08:58:34.675Z"}
info: Server started at http://localhost:4000 {"timestamp":"2022-04-08T08:58:41.452Z"}
info: Server started at http://localhost:4000 {"timestamp":"2022-04-08T08:58:42.933Z"}
info: Server started at http://localhost:4000 {"timestamp":"2022-04-08T08:59:29.994Z"}
info: Server started at http://localhost:4000 {"timestamp":"2022-04-08T09:04:13.476Z"}
info: Server started at http://localhost:4000 {"timestamp":"2022-04-08T09:04:22.088Z"}
info: Server started at http://localhost:4000 {"timestamp":"2022-04-08T09:04:26.794Z"}
info: Server started at http://localhost:4000 {"timestamp":"2022-04-08T09:04:31.628Z"}
info: Server started at http://localhost:4000 {"timestamp":"2022-04-08T09:04:34.309Z"}
info: Server started at http://localhost:4000 {"timestamp":"2022-04-08T09:04:37.598Z"}
info: Server started at http://localhost:4000 {"timestamp":"2022-04-08T09:04:39.631Z"}
info: Server started at http://localhost:4000 {"timestamp":"2022-04-08T09:04:47.292Z"}
info: Server started at http://localhost:4000 {"timestamp":"2022-04-08T09:04:50.128Z"}
info: Server started at http://localhost:4000 {"timestamp":"2022-04-08T09:04:51.485Z"}
info: Server started at http://localhost:4000 {"timestamp":"2022-04-08T09:04:59.061Z"}
info: Server started at http://localhost:4000 {"timestamp":"2022-04-08T09:05:01.908Z"}
info: Server started at http://localhost:4000 {"timestamp":"2022-04-08T09:05:06.744Z"}
info: Server started at http://localhost:4000 {"timestamp":"2022-04-08T09:05:08.859Z"}
info: Server started at http://localhost:4000 {"timestamp":"2022-04-08T09:05:10.464Z"}
info: Server started at http://localhost:4000 {"timestamp":"2022-04-08T09:05:15.365Z"}
info: Server started at http://localhost:4000 {"timestamp":"2022-04-08T09:05:18.491Z"}
info: Server started at http://localhost:4000 {"timestamp":"2022-04-08T09:05:22.848Z"}
info: Server started at http://localhost:4000 {"timestamp":"2022-04-08T09:05:26.536Z"}
info: Server started at http://localhost:4000 {"timestamp":"2022-04-08T09:05:39.106Z"}
info: Server started at http://localhost:4000 {"timestamp":"2022-04-08T09:05:41.916Z"}
info: Server started at http://localhost:4000 {"timestamp":"2022-04-08T09:05:47.106Z"}
info: Server started at http://localhost:4000 {"timestamp":"2022-04-08T09:05:50.062Z"}
info: Server started at http://localhost:4000 {"timestamp":"2022-04-08T09:05:55.898Z"}
info: Server started at http://localhost:4000 {"timestamp":"2022-04-08T09:05:57.737Z"}
info: Server started at http://localhost:4000 {"timestamp":"2022-04-08T09:06:24.119Z"}
info: Server started at http://localhost:4000 {"timestamp":"2022-04-08T09:06:29.125Z"}
info: Server started at http://localhost:4000 {"timestamp":"2022-04-08T09:06:41.854Z"}
info: Server started at http://localhost:4000 {"timestamp":"2022-04-08T09:06:47.489Z"}
info: Server started at http://localhost:4000 {"timestamp":"2022-04-08T09:06:59.414Z"}
info: Server started at http://localhost:4000 {"timestamp":"2022-04-08T09:07:50.207Z"}
info: Server started at http://localhost:4000 {"timestamp":"2022-04-08T09:08:14.125Z"}
info: Server started at http://localhost:4000 {"timestamp":"2022-04-08T09:08:15.608Z"}
info: Server started at http://localhost:4000 {"timestamp":"2022-04-08T09:08:21.115Z"}
info: Server started at http://localhost:4000 {"timestamp":"2022-04-08T09:08:25.860Z"}
info: Server started at http://localhost:4000 {"timestamp":"2022-04-08T09:08:51.728Z"}
info: Server started at http://localhost:4000 {"timestamp":"2022-04-08T09:09:11.437Z"}
info: Server started at http://localhost:4000 {"timestamp":"2022-04-08T09:09:23.879Z"}
info: Server started at http://localhost:4000 {"timestamp":"2022-04-08T09:09:30.655Z"}
info: Server started at http://localhost:4000 {"timestamp":"2022-04-08T09:09:38.159Z"}
info: Server started at http://localhost:4000 {"timestamp":"2022-04-08T09:09:43.811Z"}
info: Server started at http://localhost:4000 {"timestamp":"2022-04-08T09:09:48.212Z"}
info: Server started at http://localhost:4000 {"timestamp":"2022-04-08T09:09:51.703Z"}
info: Server started at http://localhost:4000 {"timestamp":"2022-04-08T09:09:56.122Z"}
info: Server started at http://localhost:4000 {"timestamp":"2022-04-08T09:10:01.135Z"}
info: Server started at http://localhost:4000 {"timestamp":"2022-04-08T09:10:12.306Z"}
info: Server started at http://localhost:4000 {"timestamp":"2022-04-08T09:10:16.023Z"}
info: Server started at http://localhost:4000 {"timestamp":"2022-04-08T09:10:22.002Z"}
info: Server started at http://localhost:4000 {"timestamp":"2022-04-08T09:10:25.845Z"}
info: Server started at http://localhost:4000 {"timestamp":"2022-04-08T09:10:30.250Z"}
info: Server started at http://localhost:4000 {"timestamp":"2022-04-08T09:10:38.386Z"}
info: Server started at http://localhost:4000 {"timestamp":"2022-04-08T09:11:37.481Z"}
info: Server started at http://localhost:4000 {"timestamp":"2022-04-08T09:11:41.652Z"}
info: Server started at http://localhost:4000 {"timestamp":"2022-04-08T09:12:56.459Z"}
info: Server started at http://localhost:4000 {"timestamp":"2022-04-08T09:13:03.628Z"}
info: Server started at http://localhost:4000 {"timestamp":"2022-04-08T09:13:11.677Z"}
info: Server started at http://localhost:4000 {"timestamp":"2022-04-08T09:13:19.226Z"}
info: Server started at http://localhost:4000 {"timestamp":"2022-04-08T09:13:24.723Z"}
info: Server started at http://localhost:4000 {"timestamp":"2022-04-08T09:13:27.908Z"}
info: Server started at http://localhost:4000 {"timestamp":"2022-04-08T09:13:34.024Z"}
info: Server started at http://localhost:4000 {"timestamp":"2022-04-08T09:13:36.999Z"}
info: Server started at http://localhost:4000 {"timestamp":"2022-04-08T09:13:49.361Z"}
info: Server started at http://localhost:4000 {"timestamp":"2022-04-08T09:13:53.158Z"}
info: Server started at http://localhost:4000 {"timestamp":"2022-04-08T09:14:10.812Z"}
info: Server started at http://localhost:4000 {"timestamp":"2022-04-08T09:14:14.355Z"}
info: Server started at http://localhost:4000 {"timestamp":"2022-04-08T09:14:19.040Z"}
info: Server started at http://localhost:4000 {"timestamp":"2022-04-08T09:14:22.682Z"}
info: Server started at http://localhost:4000 {"timestamp":"2022-04-08T09:14:30.153Z"}
info: Server started at http://localhost:4000 {"timestamp":"2022-04-08T09:14:34.498Z"}
info: Server started at http://localhost:4000 {"timestamp":"2022-04-08T09:14:37.104Z"}
info: Server started at http://localhost:4000 {"timestamp":"2022-04-08T09:14:39.651Z"}
info: Server started at http://localhost:4000 {"timestamp":"2022-04-08T09:14:43.414Z"}
info: Server started at http://localhost:4000 {"timestamp":"2022-04-08T09:14:45.914Z"}
info: Server started at http://localhost:4000 {"timestamp":"2022-04-08T09:16:06.318Z"}
info: Server started at http://localhost:4000 {"timestamp":"2022-04-08T09:16:17.514Z"}
info: Server started at http://localhost:4000 {"timestamp":"2022-04-08T09:16:34.901Z"}
info: Server started at http://localhost:4000 {"timestamp":"2022-04-08T09:16:42.123Z"}
info: Server started at http://localhost:4000 {"timestamp":"2022-04-08T09:16:46.576Z"}
info: Server started at http://localhost:4000 {"timestamp":"2022-04-08T09:16:54.402Z"}
info: Server started at http://localhost:4000 {"timestamp":"2022-04-08T09:16:57.024Z"}
info: Server started at http://localhost:4000 {"timestamp":"2022-04-08T09:17:00.063Z"}
info: Server started at http://localhost:4000 {"timestamp":"2022-04-08T09:17:02.482Z"}
info: Server started at http://localhost:4000 {"timestamp":"2022-04-08T09:17:06.289Z"}
info: Server started at http://localhost:4000 {"timestamp":"2022-04-08T09:17:11.236Z"}
info: Server started at http://localhost:4000 {"timestamp":"2022-04-08T09:17:14.522Z"}
info: Server started at http://localhost:4000 {"timestamp":"2022-04-08T09:17:17.310Z"}
info: Server started at http://localhost:4000 {"timestamp":"2022-04-08T09:17:20.714Z"}
info: Server started at http://localhost:4000 {"timestamp":"2022-04-08T09:17:23.048Z"}
info: Server started at http://localhost:4000 {"timestamp":"2022-04-08T09:17:41.608Z"}
info: Server started at http://localhost:4000 {"timestamp":"2022-04-08T09:17:44.922Z"}
info: Server started at http://localhost:4000 {"timestamp":"2022-04-08T09:17:46.776Z"}
info: Server started at http://localhost:4000 {"timestamp":"2022-04-08T09:17:49.129Z"}
info: Server started at http://localhost:4000 {"timestamp":"2022-04-08T09:17:50.553Z"}
info: Server started at http://localhost:4000 {"timestamp":"2022-04-08T09:17:54.648Z"}
info: Server started at http://localhost:4000 {"timestamp":"2022-04-08T09:17:56.005Z"}
info: Server started at http://localhost:4000 {"timestamp":"2022-04-08T09:17:58.019Z"}
info: Server started at http://localhost:4000 {"timestamp":"2022-04-08T09:17:59.258Z"}
info: Server started at http://localhost:4000 {"timestamp":"2022-04-08T09:18:01.988Z"}
info: Server started at http://localhost:4000 {"timestamp":"2022-04-08T09:18:03.375Z"}
info: Server started at http://localhost:4000 {"timestamp":"2022-04-08T09:18:09.606Z"}
info: Server started at http://localhost:4000 {"timestamp":"2022-04-08T09:18:10.838Z"}
info: Server started at http://localhost:4000 {"timestamp":"2022-04-08T09:18:13.633Z"}
info: Server started at http://localhost:4000 {"timestamp":"2022-04-08T09:18:14.738Z"}
error: No repository for "EmployeeService" was found. Looks like this entity is not registered in current "default" connection? {"timestamp":"2022-04-08T09:18:29.354Z"}
error: Cannot create a new connection named "default", because connection with such name already exist and it now has an active connection session. {"timestamp":"2022-04-08T09:18:29.398Z"}
info: Server started at http://localhost:4000 {"timestamp":"2022-04-08T09:19:06.182Z"}
error: No repository for "EmployeeService" was found. Looks like this entity is not registered in current "default" connection? {"timestamp":"2022-04-08T09:19:24.140Z"}
info: Server started at http://localhost:4000 {"timestamp":"2022-04-08T09:20:04.242Z"}
info: Server started at http://localhost:4000 {"timestamp":"2022-04-08T09:20:06.062Z"}
info: Server started at http://localhost:4000 {"timestamp":"2022-04-08T09:20:08.704Z"}
info: Server started at http://localhost:4000 {"timestamp":"2022-04-08T09:20:12.316Z"}
info: Server started at http://localhost:4000 {"timestamp":"2022-04-08T09:20:14.719Z"}
info: Server started at http://localhost:4000 {"timestamp":"2022-04-08T09:20:16.819Z"}
info: Server started at http://localhost:4000 {"timestamp":"2022-04-08T09:20:19.791Z"}
info: Server started at http://localhost:4000 {"timestamp":"2022-04-08T09:24:03.558Z"}
info: Server started at http://localhost:4000 {"timestamp":"2022-04-08T09:24:05.590Z"}
info: Server started at http://localhost:4000 {"timestamp":"2022-04-08T09:24:08.047Z"}
info: Server started at http://localhost:4000 {"timestamp":"2022-04-08T09:24:12.798Z"}
info: Server started at http://localhost:4000 {"timestamp":"2022-04-08T09:24:15.685Z"}
info: Server started at http://localhost:4000 {"timestamp":"2022-04-08T09:24:21.925Z"}
info: Server started at http://localhost:4000 {"timestamp":"2022-04-08T09:24:26.301Z"}
info: Server started at http://localhost:4000 {"timestamp":"2022-04-08T09:24:29.386Z"}
info: Server started at http://localhost:4000 {"timestamp":"2022-04-08T09:24:31.965Z"}
info: Server started at http://localhost:4000 {"timestamp":"2022-04-08T09:24:34.644Z"}
info: Server started at http://localhost:4000 {"timestamp":"2022-04-08T09:24:36.859Z"}
info: Server started at http://localhost:4000 {"timestamp":"2022-04-08T09:24:40.123Z"}
info: Server started at http://localhost:4000 {"timestamp":"2022-04-08T09:24:41.409Z"}
info: Server started at http://localhost:4000 {"timestamp":"2022-04-08T09:24:51.672Z"}
info: Server started at http://localhost:4000 {"timestamp":"2022-04-08T09:24:53.736Z"}
info: Server started at http://localhost:4000 {"timestamp":"2022-04-08T09:24:55.018Z"}
info: Server started at http://localhost:4000 {"timestamp":"2022-04-08T09:24:56.987Z"}
info: Server started at http://localhost:4000 {"timestamp":"2022-04-08T09:24:59.051Z"}
info: Server started at http://localhost:4000 {"timestamp":"2022-04-08T09:25:00.196Z"}
info: Server started at http://localhost:4000 {"timestamp":"2022-04-08T09:25:01.623Z"}
info: Server started at http://localhost:4000 {"timestamp":"2022-04-08T09:25:03.731Z"}
info: Server started at http://localhost:4000 {"timestamp":"2022-04-08T09:25:20.036Z"}
info: Server started at http://localhost:4000 {"timestamp":"2022-04-08T09:25:22.852Z"}
info: Server started at http://localhost:4000 {"timestamp":"2022-04-08T09:25:26.279Z"}
info: Server started at http://localhost:4000 {"timestamp":"2022-04-08T09:25:27.748Z"}
info: Server started at http://localhost:4000 {"timestamp":"2022-04-08T09:25:33.859Z"}
info: Server started at http://localhost:4000 {"timestamp":"2022-04-08T09:25:36.937Z"}
info: Server started at http://localhost:4000 {"timestamp":"2022-04-08T09:25:38.965Z"}
info: Server started at http://localhost:4000 {"timestamp":"2022-04-08T09:25:41.819Z"}
info: Server started at http://localhost:4000 {"timestamp":"2022-04-08T09:30:48.466Z"}
info: Server started at http://localhost:4000 {"timestamp":"2022-04-08T09:30:56.183Z"}
info: Server started at http://localhost:4000 {"timestamp":"2022-04-08T09:30:59.384Z"}
info: Server started at http://localhost:4000 {"timestamp":"2022-04-08T09:31:12.063Z"}
info: Server started at http://localhost:4000 {"timestamp":"2022-04-08T09:31:32.908Z"}
info: Server started at http://localhost:4000 {"timestamp":"2022-04-08T09:31:34.855Z"}
info: Server started at http://localhost:4000 {"timestamp":"2022-04-08T09:31:36.844Z"}
info: Server started at http://localhost:4000 {"timestamp":"2022-04-08T09:31:47.060Z"}
info: Server started at http://localhost:4000 {"timestamp":"2022-04-08T09:31:50.517Z"}
info: Server started at http://localhost:4000 {"timestamp":"2022-04-08T09:31:59.049Z"}
info: Server started at http://localhost:4000 {"timestamp":"2022-04-08T09:32:00.586Z"}
info: Server started at http://localhost:4000 {"timestamp":"2022-04-08T09:32:11.462Z"}
info: Server started at http://localhost:4000 {"timestamp":"2022-04-08T09:32:16.000Z"}
info: Server started at http://localhost:4000 {"timestamp":"2022-04-08T09:32:38.688Z"}
info: Server started at http://localhost:4000 {"timestamp":"2022-04-08T09:32:42.915Z"}
info: Server started at http://localhost:4000 {"timestamp":"2022-04-08T09:32:58.763Z"}
info: Server started at http://localhost:4000 {"timestamp":"2022-04-08T09:33:01.484Z"}
info: Server started at http://localhost:4000 {"timestamp":"2022-04-08T09:33:05.151Z"}
info: Server started at http://localhost:4000 {"timestamp":"2022-04-08T09:33:10.391Z"}
info: Server started at http://localhost:4000 {"timestamp":"2022-04-08T09:33:17.915Z"}
info: Server started at http://localhost:4000 {"timestamp":"2022-04-08T09:33:55.762Z"}
info: Server started at http://localhost:4000 {"timestamp":"2022-04-08T09:34:03.803Z"}
info: Server started at http://localhost:4000 {"timestamp":"2022-04-08T09:34:08.927Z"}
info: Server started at http://localhost:4000 {"timestamp":"2022-04-08T09:34:10.190Z"}
info: Server started at http://localhost:4000 {"timestamp":"2022-04-08T09:34:25.815Z"}
info: Server started at http://localhost:4000 {"timestamp":"2022-04-08T09:34:33.721Z"}
info: Server started at http://localhost:4000 {"timestamp":"2022-04-08T09:34:35.181Z"}
info: Server started at http://localhost:4000 {"timestamp":"2022-04-08T09:34:40.278Z"}
info: Server started at http://localhost:4000 {"timestamp":"2022-04-08T09:34:46.043Z"}
info: Server started at http://localhost:4000 {"timestamp":"2022-04-08T09:34:57.812Z"}
info: Server started at http://localhost:4000 {"timestamp":"2022-04-08T09:35:01.276Z"}
info: Server started at http://localhost:4000 {"timestamp":"2022-04-08T09:36:06.689Z"}
info: Server started at http://localhost:4000 {"timestamp":"2022-04-08T09:36:33.488Z"}
info: Server started at http://localhost:4000 {"timestamp":"2022-04-08T09:36:40.270Z"}
info: Server started at http://localhost:4000 {"timestamp":"2022-04-08T09:37:05.348Z"}
info: Server started at http://localhost:4000 {"timestamp":"2022-04-08T09:38:27.917Z"}
info: Server started at http://localhost:4000 {"timestamp":"2022-04-08T09:38:55.746Z"}
info: Server started at http://localhost:4000 {"timestamp":"2022-04-08T09:39:01.854Z"}
info: Server started at http://localhost:4000 {"timestamp":"2022-04-08T09:39:04.075Z"}
info: Server started at http://localhost:4000 {"timestamp":"2022-04-08T09:39:21.700Z"}
info: Server started at http://localhost:4000 {"timestamp":"2022-04-08T09:39:31.216Z"}
info: Server started at http://localhost:4000 {"timestamp":"2022-04-08T09:45:49.278Z"}
info: Server started at http://localhost:4000 {"timestamp":"2022-04-08T09:50:58.976Z"}
info: Server started at http://localhost:4000 {"timestamp":"2022-04-08T09:54:30.761Z"}
error: No repository for "Employee" was found. Looks like this entity is not registered in current "default" connection? {"timestamp":"2022-04-08T10:01:58.499Z"}
error: Cannot create a new connection named "default", because connection with such name already exist and it now has an active connection session. {"timestamp":"2022-04-08T10:02:10.219Z"}
info: Server started at http://localhost:4000 {"timestamp":"2022-04-08T10:04:15.658Z"}
info: Server started at http://localhost:4000 {"timestamp":"2022-04-08T10:04:34.414Z"}
info: Server started at http://localhost:4000 {"timestamp":"2022-04-08T10:04:50.489Z"}
info: Server started at http://localhost:4000 {"timestamp":"2022-04-08T10:04:58.690Z"}
info: Server started at http://localhost:4000 {"timestamp":"2022-04-08T10:05:00.096Z"}
info: Server started at http://localhost:4000 {"timestamp":"2022-04-08T10:06:27.372Z"}
info: Server started at http://localhost:4000 {"timestamp":"2022-04-08T10:06:46.537Z"}
info: Server started at http://localhost:4000 {"timestamp":"2022-04-08T10:07:16.598Z"}
info: Server started at http://localhost:4000 {"timestamp":"2022-04-08T10:07:18.423Z"}
error: No repository for "Employee" was found. Looks like this entity is not registered in current "default" connection? {"timestamp":"2022-04-08T10:07:32.660Z"}
error: Cannot create a new connection named "default", because connection with such name already exist and it now has an active connection session. {"timestamp":"2022-04-08T10:07:41.046Z"}
error: Cannot create a new connection named "default", because connection with such name already exist and it now has an active connection session. {"timestamp":"2022-04-08T10:07:42.307Z"}
error: Cannot create a new connection named "default", because connection with such name already exist and it now has an active connection session. {"timestamp":"2022-04-08T10:07:43.371Z"}
info: Server started at http://localhost:4000 {"timestamp":"2022-04-08T10:07:51.783Z"}
info: Server started at http://localhost:4000 {"timestamp":"2022-04-08T10:07:54.046Z"}
error: No repository for "Employee" was found. Looks like this entity is not registered in current "default" connection? {"timestamp":"2022-04-08T10:08:03.478Z"}
info: Server started at http://localhost:4000 {"timestamp":"2022-04-08T10:11:16.196Z"}
error: No repository for "Employee" was found. Looks like this entity is not registered in current "default" connection? {"timestamp":"2022-04-08T10:11:20.597Z"}
error: Cannot create a new connection named "default", because connection with such name already exist and it now has an active connection session. {"timestamp":"2022-04-08T10:11:37.650Z"}
error: Cannot create a new connection named "default", because connection with such name already exist and it now has an active connection session. {"timestamp":"2022-04-08T10:11:43.968Z"}
info: Server started at http://localhost:4000 {"timestamp":"2022-04-08T10:11:47.804Z"}
error: No repository for "Employee" was found. Looks like this entity is not registered in current "default" connection? {"timestamp":"2022-04-08T10:11:50.612Z"}
info: Server started at http://localhost:4000 {"timestamp":"2022-04-08T10:12:18.360Z"}
error: No repository for "Employee" was found. Looks like this entity is not registered in current "default" connection? {"timestamp":"2022-04-08T10:12:21.564Z"}
error: Cannot create a new connection named "default", because connection with such name already exist and it now has an active connection session. {"timestamp":"2022-04-08T10:12:26.033Z"}
info: Server started at http://localhost:4000 {"timestamp":"2022-04-08T10:12:35.299Z"}
info: Server started at http://localhost:4000 {"timestamp":"2022-04-08T10:12:57.355Z"}
error: No repository for "Employee" was found. Looks like this entity is not registered in current "default" connection? {"timestamp":"2022-04-08T10:13:09.993Z"}
error: Cannot create a new connection named "default", because connection with such name already exist and it now has an active connection session. {"timestamp":"2022-04-08T10:13:25.197Z"}
error: Cannot create a new connection named "default", because connection with such name already exist and it now has an active connection session. {"timestamp":"2022-04-08T10:13:25.814Z"}
error: Cannot create a new connection named "default", because connection with such name already exist and it now has an active connection session. {"timestamp":"2022-04-08T10:13:26.343Z"}
info: Server started at http://localhost:4000 {"timestamp":"2022-04-08T10:14:46.120Z"}
error: No repository for "Role" was found. Looks like this entity is not registered in current "default" connection? {"timestamp":"2022-04-08T10:14:54.775Z"}
error: Cannot create a new connection named "default", because connection with such name already exist and it now has an active connection session. {"timestamp":"2022-04-08T10:15:04.654Z"}
error: Cannot create a new connection named "default", because connection with such name already exist and it now has an active connection session. {"timestamp":"2022-04-08T10:15:07.093Z"}
error: Cannot create a new connection named "default", because connection with such name already exist and it now has an active connection session. {"timestamp":"2022-04-08T10:15:12.191Z"}
error: Cannot create a new connection named "default", because connection with such name already exist and it now has an active connection session. {"timestamp":"2022-04-08T10:15:12.226Z"}
info: Server started at http://localhost:4000 {"timestamp":"2022-04-08T10:15:45.680Z"}
info: Server started at http://localhost:4000 {"timestamp":"2022-04-08T10:16:20.337Z"}
error: No repository for "Employee" was found. Looks like this entity is not registered in current "default" connection? {"timestamp":"2022-04-08T10:16:23.398Z"}
error: Cannot create a new connection named "default", because connection with such name already exist and it now has an active connection session. {"timestamp":"2022-04-08T10:16:23.433Z"}
error: Cannot create a new connection named "default", because connection with such name already exist and it now has an active connection session. {"timestamp":"2022-04-08T10:16:26.368Z"}
error: Cannot create a new connection named "default", because connection with such name already exist and it now has an active connection session. {"timestamp":"2022-04-08T10:16:29.188Z"}
info: Server started at http://localhost:4000 {"timestamp":"2022-04-08T10:17:19.264Z"}
error: No repository for "Role" was found. Looks like this entity is not registered in current "default" connection? {"timestamp":"2022-04-08T10:17:29.852Z"}
error: Cannot create a new connection named "default", because connection with such name already exist and it now has an active connection session. {"timestamp":"2022-04-08T10:17:41.079Z"}
info: Server started at http://localhost:4000 {"timestamp":"2022-04-08T10:18:55.729Z"}
error: Cannot find connection development because its not defined in any orm configuration files. {"timestamp":"2022-04-08T10:18:59.238Z"}
error: Cannot find connection development because its not defined in any orm configuration files. {"timestamp":"2022-04-08T10:19:00.059Z"}
error: Cannot find connection development because its not defined in any orm configuration files. {"timestamp":"2022-04-08T10:19:00.318Z"}
info: Server started at http://localhost:4000 {"timestamp":"2022-04-08T10:19:13.366Z"}
error: ER_NOT_SUPPORTED_AUTH_MODE: Client does not support authentication protocol requested by server; consider upgrading MySQL client {"code":"ER_NOT_SUPPORTED_AUTH_MODE","errno":1251,"fatal":true,"sqlMessage":"Client does not support authentication protocol requested by server; consider upgrading MySQL client","sqlState":"08004","timestamp":"2022-04-08T10:20:31.481Z"}
error: ER_NOT_SUPPORTED_AUTH_MODE: Client does not support authentication protocol requested by server; consider upgrading MySQL client {"code":"ER_NOT_SUPPORTED_AUTH_MODE","errno":1251,"fatal":true,"sqlMessage":"Client does not support authentication protocol requested by server; consider upgrading MySQL client","sqlState":"08004","timestamp":"2022-04-08T10:20:32.236Z"}
error: ER_NOT_SUPPORTED_AUTH_MODE: Client does not support authentication protocol requested by server; consider upgrading MySQL client {"code":"ER_NOT_SUPPORTED_AUTH_MODE","errno":1251,"fatal":true,"sqlMessage":"Client does not support authentication protocol requested by server; consider upgrading MySQL client","sqlState":"08004","timestamp":"2022-04-08T10:20:43.558Z"}
info: Server started at http://localhost:4000 {"timestamp":"2022-04-08T10:21:11.937Z"}
error: ER_NOT_SUPPORTED_AUTH_MODE: Client does not support authentication protocol requested by server; consider upgrading MySQL client {"code":"ER_NOT_SUPPORTED_AUTH_MODE","errno":1251,"fatal":true,"sqlMessage":"Client does not support authentication protocol requested by server; consider upgrading MySQL client","sqlState":"08004","timestamp":"2022-04-08T10:21:34.789Z"}
info: Server started at http://localhost:4000 {"timestamp":"2022-04-08T10:22:36.342Z"}
error: ER_NOT_SUPPORTED_AUTH_MODE: Client does not support authentication protocol requested by server; consider upgrading MySQL client {"code":"ER_NOT_SUPPORTED_AUTH_MODE","errno":1251,"fatal":true,"sqlMessage":"Client does not support authentication protocol requested by server; consider upgrading MySQL client","sqlState":"08004","timestamp":"2022-04-08T10:22:56.775Z"}
info: Server started at http://localhost:4000 {"timestamp":"2022-04-08T10:23:42.727Z"}
error: ER_NOT_SUPPORTED_AUTH_MODE: Client does not support authentication protocol requested by server; consider upgrading MySQL client {"code":"ER_NOT_SUPPORTED_AUTH_MODE","errno":1251,"fatal":true,"sqlMessage":"Client does not support authentication protocol requested by server; consider upgrading MySQL client","sqlState":"08004","timestamp":"2022-04-08T10:24:12.964Z"}
info: Server started at http://localhost:4000 {"timestamp":"2022-04-08T10:25:03.610Z"}
info: Server started at http://localhost:4000 {"timestamp":"2022-04-08T10:25:14.200Z"}
error: No repository for "Employee" was found. Looks like this entity is not registered in current "default" connection? {"timestamp":"2022-04-08T10:25:16.879Z"}
error: Cannot create a new connection named "default", because connection with such name already exist and it now has an active connection session. {"timestamp":"2022-04-08T10:25:23.834Z"}
info: Server started at http://localhost:4000 {"timestamp":"2022-04-08T10:25:48.880Z"}
error: No repository for "Role" was found. Looks like this entity is not registered in current "default" connection? {"timestamp":"2022-04-08T10:26:04.249Z"}
error: Cannot create a new connection named "default", because connection with such name already exist and it now has an active connection session. {"timestamp":"2022-04-08T10:26:52.636Z"}
error: Cannot create a new connection named "default", because connection with such name already exist and it now has an active connection session. {"timestamp":"2022-04-08T10:27:01.287Z"}
error: Cannot create a new connection named "default", because connection with such name already exist and it now has an active connection session. {"timestamp":"2022-04-08T10:27:01.325Z"}
error: Cannot create a new connection named "default", because connection with such name already exist and it now has an active connection session. {"timestamp":"2022-04-08T10:27:04.655Z"}
info: Server started at http://localhost:4000 {"timestamp":"2022-04-08T10:28:18.434Z"}
info: Server started at http://localhost:4000 {"timestamp":"2022-04-08T10:30:16.418Z"}
error: No repository for "Role" was found. Looks like this entity is not registered in current "default" connection? {"timestamp":"2022-04-08T10:30:26.881Z"}
info: Server started at http://localhost:4000 {"timestamp":"2022-04-08T10:31:07.719Z"}
info: Server started at http://localhost:4000 {"timestamp":"2022-04-08T10:32:35.171Z"}
info: Server started at http://localhost:4000 {"timestamp":"2022-04-08T10:32:57.503Z"}
info: Server started at http://localhost:4000 {"timestamp":"2022-04-08T10:33:00.954Z"}
info: Server started at http://localhost:4000 {"timestamp":"2022-04-08T10:33:09.030Z"}
info: Server started at http://localhost:4000 {"timestamp":"2022-04-08T10:33:10.808Z"}
info: Server started at http://localhost:4000 {"timestamp":"2022-04-08T10:33:30.636Z"}
info: Server started at http://localhost:4000 {"timestamp":"2022-04-08T10:33:38.924Z"}
info: Server started at http://localhost:4000 {"timestamp":"2022-04-08T10:33:41.490Z"}
info: Server started at http://localhost:4000 {"timestamp":"2022-04-08T10:33:48.059Z"}
info: Server started at http://localhost:4000 {"timestamp":"2022-04-08T10:33:49.496Z"}
info: Server started at http://localhost:4000 {"timestamp":"2022-04-08T10:33:53.235Z"}
info: Server started at http://localhost:4000 {"timestamp":"2022-04-08T10:34:09.864Z"}
info: Server started at http://localhost:4000 {"timestamp":"2022-04-08T10:34:11.057Z"}
info: Server started at http://localhost:4000 {"timestamp":"2022-04-08T10:34:12.737Z"}
info: Server started at http://localhost:4000 {"timestamp":"2022-04-08T10:34:29.246Z"}
error: 
    status - 500 
    message - ValidationError: "email" is required 
    url - /users/login 
    method - POST 
    IP - ::ffff:127.0.0.1
   {"timestamp":"2022-04-08T10:34:31.330Z"}
error: 
    status - 500 
    message - ValidationError: "email" is required 
    url - /users/login 
    method - POST 
    IP - ::ffff:127.0.0.1
   {"timestamp":"2022-04-08T10:34:41.175Z"}
error: 
    status - 500 
    message - ValidationError: "email" is required 
    url - /users/login 
    method - POST 
    IP - ::ffff:127.0.0.1
   {"timestamp":"2022-04-08T10:34:48.413Z"}
error: 
    status - 500 
    message - ValidationError: "email" is required 
    url - /users/login 
    method - POST 
    IP - ::ffff:127.0.0.1
   {"timestamp":"2022-04-08T10:34:49.329Z"}
error: 
    status - 500 
    message - ValidationError: "email" is required 
    url - /users/login 
    method - POST 
    IP - ::ffff:127.0.0.1
   {"timestamp":"2022-04-08T10:34:50.211Z"}
error: 
    status - 500 
    message - ValidationError: "email" is required 
    url - /users/login 
    method - POST 
    IP - ::ffff:127.0.0.1
   {"timestamp":"2022-04-08T10:34:50.800Z"}
error: 
    status - 500 
    message - ValidationError: "email" is required 
    url - /users/login 
    method - POST 
    IP - ::ffff:127.0.0.1
   {"timestamp":"2022-04-08T10:34:50.997Z"}
error: 
    status - 500 
    message - ValidationError: "email" is required 
    url - /users/login 
    method - POST 
    IP - ::ffff:127.0.0.1
   {"timestamp":"2022-04-08T10:34:51.183Z"}
error: 
    status - 500 
    message - ValidationError: "email" is required 
    url - /users/login 
    method - POST 
    IP - ::ffff:127.0.0.1
   {"timestamp":"2022-04-08T10:34:51.402Z"}
info: Server started at http://localhost:4000 {"timestamp":"2022-04-08T10:35:57.150Z"}
error: 
    status - 500 
    message - ValidationError: "password" with value "1234" fails to match the required pattern: /^[a-zA-Z0-9]{6,12}$/ 
    url - /users/login 
    method - POST 
    IP - ::ffff:127.0.0.1
   {"timestamp":"2022-04-08T10:35:58.621Z"}
info: Server started at http://localhost:4000 {"timestamp":"2022-04-08T10:36:16.705Z"}
info: Server started at http://localhost:4000 {"timestamp":"2022-04-08T10:48:34.597Z"}
info: Server started at http://localhost:4000 {"timestamp":"2022-04-08T10:48:37.182Z"}
info: Server started at http://localhost:4000 {"timestamp":"2022-04-08T10:52:53.681Z"}
info: Server started at http://localhost:4000 {"timestamp":"2022-04-08T10:52:54.951Z"}
info: Server started at http://localhost:4000 {"timestamp":"2022-04-08T10:52:56.586Z"}
info: Server started at http://localhost:4000 {"timestamp":"2022-04-08T10:52:58.988Z"}
info: Server started at http://localhost:4000 {"timestamp":"2022-04-08T10:53:04.120Z"}
info: Server started at http://localhost:4000 {"timestamp":"2022-04-08T10:53:11.393Z"}
info: Server started at http://localhost:4000 {"timestamp":"2022-04-08T10:53:12.667Z"}
info: Server started at http://localhost:4000 {"timestamp":"2022-04-08T10:53:14.653Z"}
info: Server started at http://localhost:4000 {"timestamp":"2022-04-08T10:53:27.805Z"}
error: 
    status - 500 
    message - ValidationError: "phone_number" is required 
    url - /admin/addEmployee 
    method - POST 
    IP - ::ffff:127.0.0.1
   {"timestamp":"2022-04-08T10:53:59.084Z"}
error: 
    status - 500 
    message - ValidationError: "emailid" is required 
    url - /admin/addEmployee 
    method - POST 
    IP - ::ffff:127.0.0.1
   {"timestamp":"2022-04-08T10:54:06.540Z"}
error: 
    status - 500 
    message - ValidationError: "emailid" must be a string 
    url - /admin/addEmployee 
    method - POST 
    IP - ::ffff:127.0.0.1
   {"timestamp":"2022-04-08T10:54:24.354Z"}
error: 
    status - 500 
    message - ValidationError: "phone_number" must be less than or equal to 10 
    url - /admin/addEmployee 
    method - POST 
    IP - ::ffff:127.0.0.1
   {"timestamp":"2022-04-08T10:54:37.195Z"}
error: 
    status - 500 
    message - ValidationError: "phone_number" must be less than or equal to 10 
    url - /admin/addEmployee 
    method - POST 
    IP - ::ffff:127.0.0.1
   {"timestamp":"2022-04-08T10:54:48.649Z"}
error: 
    status - 500 
    message - ValidationError: "phone_number" must be less than or equal to 10 
    url - /admin/addEmployee 
    method - POST 
    IP - ::ffff:127.0.0.1
   {"timestamp":"2022-04-08T10:54:50.312Z"}
error: 
    status - 500 
    message - ValidationError: "phone_number" must be less than or equal to 10 
    url - /admin/addEmployee 
    method - POST 
    IP - ::ffff:127.0.0.1
   {"timestamp":"2022-04-08T10:54:55.992Z"}
error: 
    status - 500 
    message - ValidationError: "phone_number" must be less than or equal to 10 
    url - /admin/addEmployee 
    method - POST 
    IP - ::ffff:127.0.0.1
   {"timestamp":"2022-04-08T10:55:02.819Z"}
info: Server started at http://localhost:4000 {"timestamp":"2022-04-08T10:55:57.969Z"}
info: Server started at http://localhost:4000 {"timestamp":"2022-04-08T10:56:00.512Z"}
info: Server started at http://localhost:4000 {"timestamp":"2022-04-08T10:56:02.101Z"}
info: Server started at http://localhost:4000 {"timestamp":"2022-04-08T10:56:07.350Z"}
info: Server started at http://localhost:4000 {"timestamp":"2022-04-08T10:56:08.804Z"}
info: Server started at http://localhost:4000 {"timestamp":"2022-04-08T10:56:11.946Z"}
info: Server started at http://localhost:4000 {"timestamp":"2022-04-08T10:56:14.812Z"}
info: Server started at http://localhost:4000 {"timestamp":"2022-04-08T10:56:31.590Z"}
info: Server started at http://localhost:4000 {"timestamp":"2022-04-08T10:56:34.322Z"}
info: Server started at http://localhost:4000 {"timestamp":"2022-04-08T10:57:07.489Z"}
info: Server started at http://localhost:4000 {"timestamp":"2022-04-08T10:57:20.993Z"}
info: Server started at http://localhost:4000 {"timestamp":"2022-04-08T10:57:24.525Z"}
info: Server started at http://localhost:4000 {"timestamp":"2022-04-08T10:57:31.801Z"}
info: Server started at http://localhost:4000 {"timestamp":"2022-04-08T10:57:36.208Z"}
info: Server started at http://localhost:4000 {"timestamp":"2022-04-08T10:57:46.828Z"}
info: Server started at http://localhost:4000 {"timestamp":"2022-04-08T10:57:53.661Z"}
info: Server started at http://localhost:4000 {"timestamp":"2022-04-08T10:57:58.594Z"}
error: 
    status - 500 
    message - ValidationError: "phone_number" must be less than or equal to 10 
    url - /admin/addEmployee 
    method - POST 
    IP - ::ffff:127.0.0.1
   {"timestamp":"2022-04-08T10:58:40.570Z"}
info: Server started at http://localhost:4000 {"timestamp":"2022-04-08T10:59:09.528Z"}
info: Server started at http://localhost:4000 {"timestamp":"2022-04-08T10:59:10.628Z"}
error: 
    status - 500 
    message - ValidationError: "phone_number" must be less than or equal to 11 
    url - /admin/addEmployee 
    method - POST 
    IP - ::ffff:127.0.0.1
   {"timestamp":"2022-04-08T10:59:13.093Z"}
info: Server started at http://localhost:4000 {"timestamp":"2022-04-08T10:59:20.192Z"}
error: 
    status - 500 
    message - ValidationError: "salary" must be less than or equal to 12 
    url - /admin/addEmployee 
    method - POST 
    IP - ::ffff:127.0.0.1
   {"timestamp":"2022-04-08T10:59:20.265Z"}
info: Server started at http://localhost:4000 {"timestamp":"2022-04-08T11:00:00.450Z"}
error: 
    status - 500 
    message - ValidationError: "role_id" is not allowed 
    url - /admin/addEmployee 
    method - POST 
    IP - ::ffff:127.0.0.1
   {"timestamp":"2022-04-08T11:00:01.198Z"}
error: 
    status - 500 
    message - ValidationError: "role_id" is not allowed 
    url - /admin/addEmployee 
    method - POST 
    IP - ::ffff:127.0.0.1
   {"timestamp":"2022-04-08T11:00:08.014Z"}
info: Server started at http://localhost:4000 {"timestamp":"2022-04-08T11:00:22.254Z"}
info: Server started at http://localhost:4000 {"timestamp":"2022-04-08T11:00:40.640Z"}
error: 
    status - 500 
    message - ValidationError: "isActive" is not allowed 
    url - /admin/addEmployee 
    method - POST 
    IP - ::ffff:127.0.0.1
   {"timestamp":"2022-04-08T11:00:49.571Z"}
info: Server started at http://localhost:4000 {"timestamp":"2022-04-08T11:01:28.935Z"}
info: Server started at http://localhost:4000 {"timestamp":"2022-04-08T11:01:33.993Z"}
info: Server started at http://localhost:4000 {"timestamp":"2022-04-08T11:01:35.475Z"}
info: Server started at http://localhost:4000 {"timestamp":"2022-04-08T11:01:36.618Z"}
info: Server started at http://localhost:4000 {"timestamp":"2022-04-08T11:01:41.598Z"}
info: Server started at http://localhost:4000 {"timestamp":"2022-04-08T11:01:46.873Z"}
info: Server started at http://localhost:4000 {"timestamp":"2022-04-08T11:01:56.746Z"}
info: Server started at http://localhost:4000 {"timestamp":"2022-04-08T11:02:01.874Z"}
info: Server started at http://localhost:4000 {"timestamp":"2022-04-08T11:02:02.965Z"}
info: Server started at http://localhost:4000 {"timestamp":"2022-04-08T11:02:06.365Z"}
info: Server started at http://localhost:4000 {"timestamp":"2022-04-08T11:02:17.796Z"}
error: 
    status - 500 
    message - ValidationError: "isDeleted" is required 
    url - /admin/addEmployee 
    method - POST 
    IP - ::ffff:127.0.0.1
   {"timestamp":"2022-04-08T11:02:31.800Z"}
error: 
    status - 500 
    message - ValidationError: "emailid" must be a valid email 
    url - /admin/addEmployee 
    method - POST 
    IP - ::ffff:127.0.0.1
   {"timestamp":"2022-04-08T11:02:50.532Z"}
error: ER_TRUNCATED_WRONG_VALUE_FOR_FIELD: Incorrect integer value: 'false' for column 'isDeleted' at row 1 {"code":"ER_TRUNCATED_WRONG_VALUE_FOR_FIELD","driverError":{"code":"ER_TRUNCATED_WRONG_VALUE_FOR_FIELD","errno":1366,"index":0,"sql":"INSERT INTO `employee`(`id`, `fullname`, `emailid`, `phone_number`, `gender`, `salary`, `password`, `role_id`, `address`, `isActive`, `isDeleted`, `created_at`, `updated_at`) VALUES (DEFAULT, 'subham', 'subha29@gmail.com', 7003321213, 'male', 2542, '$2b$09$243XZ5TRaHq0UqaAP4NnRe6Mtr7X4GznT61eZoXgQ6U2t/N2i/iGu', 1, 'abcd', true, 'false', DEFAULT, DEFAULT)","sqlMessage":"Incorrect integer value: 'false' for column 'isDeleted' at row 1","sqlState":"HY000"},"errno":1366,"index":0,"parameters":["subham","subha29@gmail.com",7003321213,"male",2542,"$2b$09$243XZ5TRaHq0UqaAP4NnRe6Mtr7X4GznT61eZoXgQ6U2t/N2i/iGu",1,"abcd",true,"false"],"query":"INSERT INTO `employee`(`id`, `fullname`, `emailid`, `phone_number`, `gender`, `salary`, `password`, `role_id`, `address`, `isActive`, `isDeleted`, `created_at`, `updated_at`) VALUES (DEFAULT, ?, ?, ?, ?, ?, ?, ?, ?, ?, ?, DEFAULT, DEFAULT)","sql":"INSERT INTO `employee`(`id`, `fullname`, `emailid`, `phone_number`, `gender`, `salary`, `password`, `role_id`, `address`, `isActive`, `isDeleted`, `created_at`, `updated_at`) VALUES (DEFAULT, 'subham', 'subha29@gmail.com', 7003321213, 'male', 2542, '$2b$09$243XZ5TRaHq0UqaAP4NnRe6Mtr7X4GznT61eZoXgQ6U2t/N2i/iGu', 1, 'abcd', true, 'false', DEFAULT, DEFAULT)","sqlMessage":"Incorrect integer value: 'false' for column 'isDeleted' at row 1","sqlState":"HY000","timestamp":"2022-04-08T11:02:58.790Z"}
error: 
    status - 500 
    message - ValidationError: "isDeleted" must be a boolean 
    url - /admin/addEmployee 
    method - POST 
    IP - ::ffff:127.0.0.1
   {"timestamp":"2022-04-08T11:03:11.482Z"}
error: 
    status - 500 
    message - ValidationError: "isDeleted" must be a boolean 
    url - /admin/addEmployee 
    method - POST 
    IP - ::ffff:127.0.0.1
   {"timestamp":"2022-04-08T11:03:22.715Z"}
info: Server started at http://localhost:4000 {"timestamp":"2022-04-08T11:10:21.007Z"}
info: Server started at http://localhost:4000 {"timestamp":"2022-04-08T11:22:52.490Z"}
info: Server started at http://localhost:4000 {"timestamp":"2022-04-08T11:32:00.627Z"}
info: Server started at http://localhost:4000 {"timestamp":"2022-04-08T11:38:00.141Z"}
info: Server started at http://localhost:4000 {"timestamp":"2022-04-08T11:38:01.502Z"}
info: Server started at http://localhost:4000 {"timestamp":"2022-04-08T11:38:03.336Z"}
info: Server started at http://localhost:4000 {"timestamp":"2022-04-08T11:38:05.134Z"}
info: Server started at http://localhost:4000 {"timestamp":"2022-04-08T11:38:07.671Z"}
info: Server started at http://localhost:4000 {"timestamp":"2022-04-08T11:38:33.734Z"}
info: Server started at http://localhost:4000 {"timestamp":"2022-04-08T11:40:12.561Z"}
info: Server started at http://localhost:4000 {"timestamp":"2022-04-08T11:57:26.834Z"}
