error: Pool is closed. {"code":"POOL_CLOSED","timestamp":"2022-04-05T05:10:55.422Z"}
error: Connection is not established with mysql database {"timestamp":"2022-04-05T05:11:16.965Z"}
error: Pool is closed. {"code":"POOL_CLOSED","timestamp":"2022-04-05T05:11:20.070Z"}
error: Pool is closed. {"code":"POOL_CLOSED","timestamp":"2022-04-05T05:11:54.071Z"}
error: Pool is closed. {"code":"POOL_CLOSED","timestamp":"2022-04-05T05:14:06.475Z"}
info: Server started at http://localhost:4000 {"timestamp":"2022-04-05T14:17:46.531Z"}
info: Server started at http://localhost:4000 {"timestamp":"2022-04-05T14:24:51.175Z"}
info: Server started at http://localhost:4000 {"timestamp":"2022-04-05T14:25:20.550Z"}
info: Server started at http://localhost:4000 {"timestamp":"2022-04-05T14:32:08.226Z"}
info: Server started at http://localhost:4000 {"timestamp":"2022-04-05T14:32:30.562Z"}
info: Server started at http://localhost:4000 {"timestamp":"2022-04-05T14:32:32.055Z"}
info: Server started at http://localhost:4000 {"timestamp":"2022-04-05T14:33:26.871Z"}
info: Server started at http://localhost:4000 {"timestamp":"2022-04-05T14:33:30.136Z"}
info: Server started at http://localhost:4000 {"timestamp":"2022-04-05T14:38:05.515Z"}
info: Server started at http://localhost:4000 {"timestamp":"2022-04-05T14:38:18.290Z"}
info: Server started at http://localhost:4000 {"timestamp":"2022-04-05T14:38:49.559Z"}
info: Server started at http://localhost:4000 {"timestamp":"2022-04-05T14:38:50.909Z"}
info: Server started at http://localhost:4000 {"timestamp":"2022-04-05T14:39:11.918Z"}
info: Server started at http://localhost:4000 {"timestamp":"2022-04-05T14:39:14.889Z"}
info: Server started at http://localhost:4000 {"timestamp":"2022-04-05T14:40:21.573Z"}
info: Server started at http://localhost:4000 {"timestamp":"2022-04-05T14:41:02.887Z"}
info: Server started at http://localhost:4000 {"timestamp":"2022-04-05T14:41:11.894Z"}
info: Server started at http://localhost:4000 {"timestamp":"2022-04-05T14:41:16.960Z"}
info: Server started at http://localhost:4000 {"timestamp":"2022-04-05T14:41:18.762Z"}
info: Server started at http://localhost:4000 {"timestamp":"2022-04-05T14:41:20.019Z"}
info: Server started at http://localhost:4000 {"timestamp":"2022-04-05T14:41:23.873Z"}
info: Server started at http://localhost:4000 {"timestamp":"2022-04-05T14:41:36.175Z"}
info: Server started at http://localhost:4000 {"timestamp":"2022-04-05T14:41:38.194Z"}
info: Server started at http://localhost:4000 {"timestamp":"2022-04-05T14:41:48.741Z"}
info: Server started at http://localhost:4000 {"timestamp":"2022-04-05T14:41:50.909Z"}
info: Server started at http://localhost:4000 {"timestamp":"2022-04-05T14:42:02.038Z"}
info: Server started at http://localhost:4000 {"timestamp":"2022-04-05T14:42:06.989Z"}
info: Server started at http://localhost:4000 {"timestamp":"2022-04-05T14:42:19.691Z"}
info: Server started at http://localhost:4000 {"timestamp":"2022-04-05T14:42:23.804Z"}
info: Server started at http://localhost:4000 {"timestamp":"2022-04-05T14:42:27.704Z"}
info: Server started at http://localhost:4000 {"timestamp":"2022-04-05T14:42:30.148Z"}
info: Server started at http://localhost:4000 {"timestamp":"2022-04-05T14:43:00.415Z"}
info: Server started at http://localhost:4000 {"timestamp":"2022-04-05T14:43:12.996Z"}
info: Server started at http://localhost:4000 {"timestamp":"2022-04-05T14:43:19.091Z"}
info: Server started at http://localhost:4000 {"timestamp":"2022-04-05T14:43:24.822Z"}
info: Server started at http://localhost:4000 {"timestamp":"2022-04-05T14:43:28.178Z"}
info: Server started at http://localhost:4000 {"timestamp":"2022-04-05T14:43:31.981Z"}
info: Server started at http://localhost:4000 {"timestamp":"2022-04-05T14:43:41.935Z"}
info: Server started at http://localhost:4000 {"timestamp":"2022-04-05T14:44:33.129Z"}
info: Server started at http://localhost:4000 {"timestamp":"2022-04-05T14:44:50.615Z"}
info: Server started at http://localhost:4000 {"timestamp":"2022-04-05T14:44:54.642Z"}
info: Server started at http://localhost:4000 {"timestamp":"2022-04-05T14:44:57.213Z"}
info: Server started at http://localhost:4000 {"timestamp":"2022-04-05T14:44:59.815Z"}
info: Server started at http://localhost:4000 {"timestamp":"2022-04-05T14:45:03.269Z"}
info: Server started at http://localhost:4000 {"timestamp":"2022-04-05T14:45:08.345Z"}
info: Server started at http://localhost:4000 {"timestamp":"2022-04-05T14:45:12.468Z"}
info: Server started at http://localhost:4000 {"timestamp":"2022-04-05T14:45:26.847Z"}
info: Server started at http://localhost:4000 {"timestamp":"2022-04-05T14:45:32.146Z"}
info: Server started at http://localhost:4000 {"timestamp":"2022-04-05T14:45:40.724Z"}
info: Server started at http://localhost:4000 {"timestamp":"2022-04-05T14:45:53.053Z"}
info: Server started at http://localhost:4000 {"timestamp":"2022-04-05T15:56:28.233Z"}
info: Server started at http://localhost:4000 {"timestamp":"2022-04-05T15:57:56.281Z"}
error: No entity column "field" was found. {"timestamp":"2022-04-05T16:21:25.464Z"}
error: Cannot create a new connection named "default", because connection with such name already exist and it now has an active connection session. {"timestamp":"2022-04-05T16:21:46.570Z"}
error: Cannot create a new connection named "default", because connection with such name already exist and it now has an active connection session. {"timestamp":"2022-04-05T16:21:49.637Z"}
error: Cannot create a new connection named "default", because connection with such name already exist and it now has an active connection session. {"timestamp":"2022-04-05T16:21:56.126Z"}
error: Cannot create a new connection named "default", because connection with such name already exist and it now has an active connection session. {"timestamp":"2022-04-05T16:22:00.657Z"}
error: Cannot create a new connection named "default", because connection with such name already exist and it now has an active connection session. {"timestamp":"2022-04-05T16:22:41.200Z"}
error: Cannot create a new connection named "default", because connection with such name already exist and it now has an active connection session. {"timestamp":"2022-04-05T16:23:22.541Z"}
error: Cannot create a new connection named "default", because connection with such name already exist and it now has an active connection session. {"timestamp":"2022-04-05T16:24:16.325Z"}
error: Cannot create a new connection named "default", because connection with such name already exist and it now has an active connection session. {"timestamp":"2022-04-05T16:25:33.328Z"}
error: Cannot create a new connection named "default", because connection with such name already exist and it now has an active connection session. {"timestamp":"2022-04-05T16:25:36.407Z"}
error: Cannot create a new connection named "default", because connection with such name already exist and it now has an active connection session. {"timestamp":"2022-04-05T16:26:14.321Z"}
error: Cannot create a new connection named "default", because connection with such name already exist and it now has an active connection session. {"timestamp":"2022-04-05T16:26:19.165Z"}
error: Cannot create a new connection named "default", because connection with such name already exist and it now has an active connection session. {"timestamp":"2022-04-05T16:26:35.879Z"}
error: Cannot create a new connection named "default", because connection with such name already exist and it now has an active connection session. {"timestamp":"2022-04-05T16:26:39.633Z"}
error: Cannot create a new connection named "default", because connection with such name already exist and it now has an active connection session. {"timestamp":"2022-04-05T16:26:42.667Z"}
error: Cannot create a new connection named "default", because connection with such name already exist and it now has an active connection session. {"timestamp":"2022-04-05T16:26:56.943Z"}
error: Cannot create a new connection named "default", because connection with such name already exist and it now has an active connection session. {"timestamp":"2022-04-05T16:27:08.622Z"}
error: Cannot create a new connection named "default", because connection with such name already exist and it now has an active connection session. {"timestamp":"2022-04-05T16:27:13.270Z"}
error: Cannot create a new connection named "default", because connection with such name already exist and it now has an active connection session. {"timestamp":"2022-04-05T16:27:21.385Z"}
error: Cannot create a new connection named "default", because connection with such name already exist and it now has an active connection session. {"timestamp":"2022-04-05T16:27:24.997Z"}
error: Cannot create a new connection named "default", because connection with such name already exist and it now has an active connection session. {"timestamp":"2022-04-05T16:27:33.696Z"}
error: Cannot create a new connection named "default", because connection with such name already exist and it now has an active connection session. {"timestamp":"2022-04-05T16:27:50.559Z"}
error: Cannot create a new connection named "default", because connection with such name already exist and it now has an active connection session. {"timestamp":"2022-04-05T16:28:10.165Z"}
error: Cannot create a new connection named "default", because connection with such name already exist and it now has an active connection session. {"timestamp":"2022-04-05T16:28:11.184Z"}
error: Cannot create a new connection named "default", because connection with such name already exist and it now has an active connection session. {"timestamp":"2022-04-05T16:28:11.407Z"}
error: Cannot create a new connection named "default", because connection with such name already exist and it now has an active connection session. {"timestamp":"2022-04-05T16:28:21.446Z"}
info: Server started at http://localhost:4000 {"timestamp":"2022-04-05T16:29:08.523Z"}
info: Server started at http://localhost:4000 {"timestamp":"2022-04-05T16:29:12.093Z"}
info: Server started at http://localhost:4000 {"timestamp":"2022-04-05T16:29:14.053Z"}
info: Server started at http://localhost:4000 {"timestamp":"2022-04-05T16:29:19.557Z"}
info: Server started at http://localhost:4000 {"timestamp":"2022-04-05T16:30:00.114Z"}
error: No entity column "field" was found. {"timestamp":"2022-04-05T16:34:02.479Z"}
error: Cannot create a new connection named "default", because connection with such name already exist and it now has an active connection session. {"timestamp":"2022-04-05T16:34:49.656Z"}
error: Cannot create a new connection named "default", because connection with such name already exist and it now has an active connection session. {"timestamp":"2022-04-05T16:34:58.897Z"}
info: Server started at http://localhost:4000 {"timestamp":"2022-04-05T16:35:24.505Z"}
info: Server started at http://localhost:4000 {"timestamp":"2022-04-05T16:35:26.456Z"}
info: Server started at http://localhost:4000 {"timestamp":"2022-04-05T16:35:27.561Z"}
error: No entity column "field" was found. {"timestamp":"2022-04-05T16:35:58.957Z"}
error: Cannot create a new connection named "default", because connection with such name already exist and it now has an active connection session. {"timestamp":"2022-04-05T16:37:53.159Z"}
error: Cannot create a new connection named "default", because connection with such name already exist and it now has an active connection session. {"timestamp":"2022-04-05T16:37:56.600Z"}
error: Cannot create a new connection named "default", because connection with such name already exist and it now has an active connection session. {"timestamp":"2022-04-05T16:38:06.508Z"}
error: Cannot create a new connection named "default", because connection with such name already exist and it now has an active connection session. {"timestamp":"2022-04-05T16:38:09.408Z"}
error: Cannot create a new connection named "default", because connection with such name already exist and it now has an active connection session. {"timestamp":"2022-04-05T16:40:12.501Z"}
info: Server started at http://localhost:4000 {"timestamp":"2022-04-05T16:40:36.915Z"}
info: Server started at http://localhost:4000 {"timestamp":"2022-04-05T16:41:37.354Z"}
info: Server started at http://localhost:4000 {"timestamp":"2022-04-05T16:45:28.119Z"}
